<?xml version="1.0" encoding="UTF-8"?>
<coverage generated="1772636839502" clover="3.2.0">
  <project timestamp="1772636839502" name="All files">
    <metrics statements="284" coveredstatements="135" conditionals="200" coveredconditionals="85" methods="97" coveredmethods="38" elements="581" coveredelements="258" complexity="0" loc="284" ncloc="284" packages="3" files="6" classes="6"/>
    <package name="src">
      <metrics statements="194" coveredstatements="109" conditionals="111" coveredconditionals="60" methods="58" coveredmethods="31"/>
      <file name="App.jsx" path="/Users/yashwanth/Downloads/Project/frontend/src/App.jsx">
        <metrics statements="194" coveredstatements="109" conditionals="111" coveredconditionals="60" methods="58" coveredmethods="31"/>
        <line num="4" count="1" type="stmt"/>
        <line num="7" count="1" type="stmt"/>
        <line num="8" count="1" type="stmt"/>
        <line num="9" count="1" type="stmt"/>
        <line num="10" count="1" type="stmt"/>
        <line num="14" count="1" type="stmt"/>
        <line num="15" count="1" type="stmt"/>
        <line num="20" count="1" type="stmt"/>
        <line num="21" count="1" type="stmt"/>
        <line num="24" count="0" type="stmt"/>
        <line num="31" count="8" type="cond" truecount="1" falsecount="1"/>
        <line num="32" count="0" type="stmt"/>
        <line num="34" count="8" type="stmt"/>
        <line num="44" count="9" type="stmt"/>
        <line num="46" count="0" type="stmt"/>
        <line num="48" count="1" type="stmt"/>
        <line num="49" count="1" type="stmt"/>
        <line num="52" count="9" type="stmt"/>
        <line num="53" count="9" type="stmt"/>
        <line num="54" count="9" type="stmt"/>
        <line num="55" count="9" type="stmt"/>
        <line num="57" count="9" type="stmt"/>
        <line num="58" count="2" type="stmt"/>
        <line num="60" count="2" type="stmt"/>
        <line num="61" count="2" type="cond" truecount="1" falsecount="1"/>
        <line num="62" count="2" type="stmt"/>
        <line num="64" count="2" type="stmt"/>
        <line num="66" count="2" type="stmt"/>
        <line num="67" count="2" type="cond" truecount="1" falsecount="1"/>
        <line num="68" count="2" type="stmt"/>
        <line num="69" count="2" type="stmt"/>
        <line num="71" count="0" type="stmt"/>
        <line num="72" count="0" type="stmt"/>
        <line num="76" count="9" type="stmt"/>
        <line num="77" count="1" type="stmt"/>
        <line num="78" count="1" type="cond" truecount="1" falsecount="1"/>
        <line num="80" count="1" type="stmt"/>
        <line num="81" count="1" type="stmt"/>
        <line num="84" count="0" type="stmt"/>
        <line num="85" count="0" type="stmt"/>
        <line num="87" count="1" type="stmt"/>
        <line num="91" count="9" type="stmt"/>
        <line num="92" count="2" type="cond" truecount="2" falsecount="0"/>
        <line num="93" count="1" type="stmt"/>
        <line num="94" count="1" type="stmt"/>
        <line num="95" count="1" type="stmt"/>
        <line num="96" count="1" type="stmt"/>
        <line num="97" count="0" type="cond" truecount="0" falsecount="2"/>
        <line num="98" count="0" type="stmt"/>
        <line num="99" count="0" type="stmt"/>
        <line num="100" count="0" type="stmt"/>
        <line num="101" count="0" type="stmt"/>
        <line num="104" count="1" type="stmt"/>
        <line num="105" count="1" type="stmt"/>
        <line num="106" count="1" type="stmt"/>
        <line num="107" count="1" type="stmt"/>
        <line num="110" count="9" type="stmt"/>
        <line num="111" count="9" type="stmt"/>
        <line num="112" count="9" type="stmt"/>
        <line num="113" count="9" type="stmt"/>
        <line num="114" count="9" type="stmt"/>
        <line num="115" count="9" type="stmt"/>
        <line num="116" count="9" type="stmt"/>
        <line num="117" count="9" type="stmt"/>
        <line num="118" count="9" type="stmt"/>
        <line num="119" count="9" type="stmt"/>
        <line num="121" count="9" type="stmt"/>
        <line num="124" count="9" type="stmt"/>
        <line num="125" count="2" type="stmt"/>
        <line num="126" count="2" type="stmt"/>
        <line num="128" count="2" type="cond" truecount="4" falsecount="0"/>
        <line num="129" count="1" type="stmt"/>
        <line num="130" count="1" type="stmt"/>
        <line num="141" count="1" type="cond" truecount="1" falsecount="1"/>
        <line num="143" count="0" type="stmt"/>
        <line num="144" count="0" type="stmt"/>
        <line num="145" count="0" type="stmt"/>
        <line num="146" count="0" type="stmt"/>
        <line num="148" count="1" type="stmt"/>
        <line num="150" count="1" type="cond" truecount="3" falsecount="3"/>
        <line num="151" count="0" type="stmt"/>
        <line num="152" count="0" type="stmt"/>
        <line num="153" count="0" type="stmt"/>
        <line num="154" count="0" type="stmt"/>
        <line num="156" count="1" type="stmt"/>
        <line num="158" count="0" type="cond" truecount="0" falsecount="2"/>
        <line num="159" count="0" type="stmt"/>
        <line num="160" count="0" type="stmt"/>
        <line num="161" count="0" type="stmt"/>
        <line num="165" count="1" type="cond" truecount="0" falsecount="2"/>
        <line num="169" count="2" type="stmt"/>
        <line num="170" count="2" type="stmt"/>
        <line num="171" count="2" type="stmt"/>
        <line num="176" count="9" type="stmt"/>
        <line num="177" count="0" type="stmt"/>
        <line num="178" count="0" type="stmt"/>
        <line num="179" count="0" type="stmt"/>
        <line num="180" count="0" type="stmt"/>
        <line num="181" count="0" type="stmt"/>
        <line num="185" count="9" type="stmt"/>
        <line num="186" count="9" type="cond" truecount="4" falsecount="0"/>
        <line num="187" count="1" type="stmt"/>
        <line num="191" count="0" type="stmt"/>
        <line num="192" count="0" type="stmt"/>
        <line num="193" count="0" type="stmt"/>
        <line num="194" count="0" type="stmt"/>
        <line num="195" count="0" type="stmt"/>
        <line num="204" count="0" type="stmt"/>
        <line num="205" count="0" type="cond" truecount="0" falsecount="2"/>
        <line num="206" count="0" type="cond" truecount="0" falsecount="2"/>
        <line num="207" count="0" type="stmt"/>
        <line num="210" count="0" type="stmt"/>
        <line num="211" count="0" type="stmt"/>
        <line num="212" count="0" type="stmt"/>
        <line num="213" count="0" type="stmt"/>
        <line num="215" count="0" type="stmt"/>
        <line num="217" count="0" type="stmt"/>
        <line num="222" count="0" type="stmt"/>
        <line num="226" count="8" type="cond" truecount="2" falsecount="2"/>
        <line num="227" count="0" type="stmt"/>
        <line num="231" count="0" type="stmt"/>
        <line num="232" count="0" type="stmt"/>
        <line num="233" count="0" type="cond" truecount="0" falsecount="2"/>
        <line num="234" count="0" type="stmt"/>
        <line num="235" count="0" type="stmt"/>
        <line num="236" count="0" type="stmt"/>
        <line num="238" count="0" type="stmt"/>
        <line num="239" count="0" type="stmt"/>
        <line num="240" count="0" type="stmt"/>
        <line num="249" count="0" type="stmt"/>
        <line num="250" count="0" type="cond" truecount="0" falsecount="4"/>
        <line num="252" count="0" type="stmt"/>
        <line num="253" count="0" type="stmt"/>
        <line num="254" count="0" type="stmt"/>
        <line num="256" count="0" type="stmt"/>
        <line num="258" count="0" type="stmt"/>
        <line num="263" count="0" type="stmt"/>
        <line num="267" count="8" type="cond" truecount="3" falsecount="1"/>
        <line num="269" count="8" type="cond" truecount="2" falsecount="2"/>
        <line num="270" count="0" type="stmt"/>
        <line num="274" count="0" type="stmt"/>
        <line num="279" count="8" type="stmt"/>
        <line num="290" count="1" type="stmt"/>
        <line num="293" count="0" type="stmt"/>
        <line num="299" count="0" type="stmt"/>
        <line num="303" count="0" type="stmt"/>
        <line num="307" count="1" type="stmt"/>
        <line num="308" count="1" type="stmt"/>
        <line num="309" count="1" type="stmt"/>
        <line num="310" count="1" type="stmt"/>
        <line num="311" count="1" type="stmt"/>
        <line num="312" count="1" type="stmt"/>
        <line num="325" count="1" type="stmt"/>
        <line num="326" count="1" type="cond" truecount="3" falsecount="3"/>
        <line num="327" count="1" type="stmt"/>
        <line num="328" count="1" type="stmt"/>
        <line num="329" count="1" type="stmt"/>
        <line num="331" count="1" type="stmt"/>
        <line num="332" count="1" type="stmt"/>
        <line num="342" count="1" type="cond" truecount="1" falsecount="1"/>
        <line num="343" count="1" type="stmt"/>
        <line num="344" count="1" type="cond" truecount="5" falsecount="1"/>
        <line num="345" count="1" type="stmt"/>
        <line num="347" count="0" type="stmt"/>
        <line num="348" count="0" type="stmt"/>
        <line num="351" count="0" type="stmt"/>
        <line num="353" count="1" type="stmt"/>
        <line num="362" count="1" type="stmt"/>
        <line num="373" count="1" type="stmt"/>
        <line num="385" count="1" type="stmt"/>
        <line num="397" count="0" type="stmt"/>
        <line num="409" count="0" type="stmt"/>
        <line num="413" count="0" type="stmt"/>
        <line num="415" count="0" type="stmt"/>
        <line num="416" count="0" type="stmt"/>
        <line num="426" count="0" type="cond" truecount="0" falsecount="2"/>
        <line num="427" count="0" type="stmt"/>
        <line num="428" count="0" type="cond" truecount="0" falsecount="6"/>
        <line num="429" count="0" type="stmt"/>
        <line num="431" count="0" type="stmt"/>
        <line num="432" count="0" type="stmt"/>
        <line num="444" count="9" type="stmt"/>
        <line num="453" count="0" type="stmt"/>
        <line num="454" count="0" type="stmt"/>
        <line num="493" count="8" type="stmt"/>
        <line num="494" count="8" type="stmt"/>
        <line num="495" count="1" type="stmt"/>
        <line num="496" count="1" type="stmt"/>
        <line num="497" count="1" type="cond" truecount="1" falsecount="1"/>
        <line num="498" count="1" type="cond" truecount="1" falsecount="1"/>
        <line num="500" count="0" type="cond" truecount="0" falsecount="2"/>
        <line num="502" count="1" type="stmt"/>
        <line num="503" count="1" type="stmt"/>
        <line num="506" count="8" type="stmt"/>
      </file>
    </package>
    <package name="src.components">
      <metrics statements="63" coveredstatements="13" conditionals="68" coveredconditionals="20" methods="36" coveredmethods="5"/>
      <file name="ChitCard.jsx" path="/Users/yashwanth/Downloads/Project/frontend/src/components/ChitCard.jsx">
        <metrics statements="1" coveredstatements="1" conditionals="12" coveredconditionals="6" methods="1" coveredmethods="1"/>
        <line num="7" count="1" type="stmt"/>
      </file>
      <file name="ChitGrid.jsx" path="/Users/yashwanth/Downloads/Project/frontend/src/components/ChitGrid.jsx">
        <metrics statements="37" coveredstatements="9" conditionals="19" coveredconditionals="8" methods="25" coveredmethods="2"/>
        <line num="9" count="6" type="stmt"/>
        <line num="10" count="6" type="stmt"/>
        <line num="11" count="6" type="stmt"/>
        <line num="12" count="6" type="stmt"/>
        <line num="13" count="6" type="stmt"/>
        <line num="15" count="6" type="cond" truecount="4" falsecount="0"/>
        <line num="16" count="5" type="stmt"/>
        <line num="20" count="0" type="stmt"/>
        <line num="21" count="0" type="stmt"/>
        <line num="22" count="0" type="stmt"/>
        <line num="23" count="0" type="stmt"/>
        <line num="27" count="0" type="stmt"/>
        <line num="28" count="0" type="stmt"/>
        <line num="29" count="0" type="stmt"/>
        <line num="30" count="0" type="stmt"/>
        <line num="31" count="0" type="stmt"/>
        <line num="34" count="0" type="stmt"/>
        <line num="36" count="0" type="stmt"/>
        <line num="37" count="0" type="cond" truecount="0" falsecount="4"/>
        <line num="38" count="0" type="stmt"/>
        <line num="39" count="0" type="stmt"/>
        <line num="41" count="0" type="stmt"/>
        <line num="43" count="0" type="stmt"/>
        <line num="47" count="1" type="stmt"/>
        <line num="54" count="1" type="stmt"/>
        <line num="58" count="0" type="stmt"/>
        <line num="64" count="0" type="stmt"/>
        <line num="74" count="0" type="stmt"/>
        <line num="79" count="0" type="stmt"/>
        <line num="82" count="0" type="stmt"/>
        <line num="85" count="0" type="stmt"/>
        <line num="88" count="0" type="stmt"/>
        <line num="91" count="0" type="stmt"/>
        <line num="94" count="0" type="stmt"/>
        <line num="97" count="0" type="stmt"/>
        <line num="100" count="0" type="stmt"/>
        <line num="103" count="0" type="stmt"/>
      </file>
      <file name="LoginForm.jsx" path="/Users/yashwanth/Downloads/Project/frontend/src/components/LoginForm.jsx">
        <metrics statements="22" coveredstatements="0" conditionals="30" coveredconditionals="0" methods="8" coveredmethods="0"/>
        <line num="7" count="0" type="stmt"/>
        <line num="8" count="0" type="stmt"/>
        <line num="9" count="0" type="stmt"/>
        <line num="13" count="0" type="cond" truecount="0" falsecount="4"/>
        <line num="14" count="0" type="cond" truecount="0" falsecount="4"/>
        <line num="15" count="0" type="stmt"/>
        <line num="19" count="0" type="stmt"/>
        <line num="20" count="0" type="stmt"/>
        <line num="21" count="0" type="stmt"/>
        <line num="22" count="0" type="cond" truecount="0" falsecount="2"/>
        <line num="23" count="0" type="stmt"/>
        <line num="25" count="0" type="cond" truecount="0" falsecount="4"/>
        <line num="26" count="0" type="stmt"/>
        <line num="28" count="0" type="stmt"/>
        <line num="29" count="0" type="stmt"/>
        <line num="32" count="0" type="stmt"/>
        <line num="46" count="0" type="stmt"/>
        <line num="59" count="0" type="stmt"/>
        <line num="84" count="0" type="stmt"/>
        <line num="85" count="0" type="cond" truecount="0" falsecount="4"/>
        <line num="87" count="0" type="cond" truecount="0" falsecount="4"/>
        <line num="88" count="0" type="stmt"/>
      </file>
      <file name="Popup.jsx" path="/Users/yashwanth/Downloads/Project/frontend/src/components/Popup.jsx">
        <metrics statements="3" coveredstatements="3" conditionals="7" coveredconditionals="6" methods="2" coveredmethods="2"/>
        <line num="6" count="13" type="cond" truecount="2" falsecount="0"/>
        <line num="7" count="6" type="stmt"/>
        <line num="12" count="1" type="stmt"/>
      </file>
    </package>
    <package name="src.utils">
      <metrics statements="27" coveredstatements="13" conditionals="21" coveredconditionals="5" methods="3" coveredmethods="2"/>
      <file name="logToBackend.js" path="/Users/yashwanth/Downloads/Project/frontend/src/utils/logToBackend.js">
        <metrics statements="27" coveredstatements="13" conditionals="21" coveredconditionals="5" methods="3" coveredmethods="2"/>
        <line num="3" count="2" type="cond" truecount="1" falsecount="1"/>
        <line num="4" count="2" type="stmt"/>
        <line num="5" count="2" type="cond" truecount="1" falsecount="1"/>
        <line num="6" count="2" type="stmt"/>
        <line num="7" count="2" type="stmt"/>
        <line num="8" count="2" type="stmt"/>
        <line num="9" count="2" type="cond" truecount="1" falsecount="1"/>
        <line num="11" count="2" type="stmt"/>
        <line num="12" count="2" type="stmt"/>
        <line num="13" count="2" type="stmt"/>
        <line num="14" count="2" type="cond" truecount="1" falsecount="1"/>
        <line num="16" count="2" type="stmt"/>
        <line num="25" count="2" type="cond" truecount="1" falsecount="1"/>
        <line num="26" count="0" type="stmt"/>
        <line num="27" count="0" type="cond" truecount="0" falsecount="5"/>
        <line num="29" count="0" type="stmt"/>
        <line num="30" count="0" type="stmt"/>
        <line num="31" count="0" type="stmt"/>
        <line num="33" count="0" type="cond" truecount="0" falsecount="2"/>
        <line num="35" count="0" type="cond" truecount="0" falsecount="2"/>
        <line num="37" count="0" type="stmt"/>
        <line num="38" count="0" type="cond" truecount="0" falsecount="2"/>
        <line num="39" count="0" type="stmt"/>
        <line num="40" count="0" type="stmt"/>
        <line num="43" count="0" type="stmt"/>
        <line num="45" count="0" type="stmt"/>
        <line num="47" count="0" type="stmt"/>
      </file>
    </package>
  </project>
</coverage>
