{"/Users/yashwanth/Downloads/Project/frontend/src/App.jsx": {"path":"/Users/yashwanth/Downloads/Project/frontend/src/App.jsx","statementMap":{"0":{"start":{"line":4,"column":26},"end":{"line":4,"column":84}},"1":{"start":{"line":4,"column":43},"end":{"line":4,"column":83}},"2":{"start":{"line":7,"column":18},"end":{"line":7,"column":68}},"3":{"start":{"line":7,"column":35},"end":{"line":7,"column":67}},"4":{"start":{"line":8,"column":21},"end":{"line":8,"column":74}},"5":{"start":{"line":8,"column":38},"end":{"line":8,"column":73}},"6":{"start":{"line":9,"column":17},"end":{"line":9,"column":66}},"7":{"start":{"line":9,"column":34},"end":{"line":9,"column":65}},"8":{"start":{"line":10,"column":24},"end":{"line":10,"column":80}},"9":{"start":{"line":10,"column":41},"end":{"line":10,"column":79}},"10":{"start":{"line":14,"column":27},"end":{"line":14,"column":42}},"11":{"start":{"line":15,"column":23},"end":{"line":15,"column":52}},"12":{"start":{"line":15,"column":29},"end":{"line":15,"column":52}},"13":{"start":{"line":20,"column":4},"end":{"line":20,"column":17}},"14":{"start":{"line":21,"column":4},"end":{"line":21,"column":50}},"15":{"start":{"line":24,"column":4},"end":{"line":24,"column":37}},"16":{"start":{"line":31,"column":4},"end":{"line":33,"column":5}},"17":{"start":{"line":32,"column":6},"end":{"line":32,"column":148}},"18":{"start":{"line":34,"column":4},"end":{"line":34,"column":31}},"19":{"start":{"line":44,"column":2},"end":{"line":50,"column":9}},"20":{"start":{"line":46,"column":6},"end":{"line":46,"column":23}},"21":{"start":{"line":48,"column":4},"end":{"line":48,"column":64}},"22":{"start":{"line":49,"column":4},"end":{"line":49,"column":80}},"23":{"start":{"line":49,"column":17},"end":{"line":49,"column":79}},"24":{"start":{"line":52,"column":26},"end":{"line":52,"column":43}},"25":{"start":{"line":53,"column":26},"end":{"line":53,"column":40}},"26":{"start":{"line":54,"column":42},"end":{"line":54,"column":62}},"27":{"start":{"line":55,"column":36},"end":{"line":55,"column":48}},"28":{"start":{"line":57,"column":25},"end":{"line":74,"column":3}},"29":{"start":{"line":58,"column":4},"end":{"line":73,"column":5}},"30":{"start":{"line":60,"column":18},"end":{"line":60,"column":86}},"31":{"start":{"line":61,"column":6},"end":{"line":61,"column":65}},"32":{"start":{"line":61,"column":19},"end":{"line":61,"column":65}},"33":{"start":{"line":62,"column":6},"end":{"line":62,"column":23}},"34":{"start":{"line":64,"column":6},"end":{"line":64,"column":60}},"35":{"start":{"line":64,"column":35},"end":{"line":64,"column":58}},"36":{"start":{"line":66,"column":20},"end":{"line":66,"column":66}},"37":{"start":{"line":67,"column":26},"end":{"line":67,"column":67}},"38":{"start":{"line":68,"column":6},"end":{"line":68,"column":32}},"39":{"start":{"line":69,"column":6},"end":{"line":69,"column":25}},"40":{"start":{"line":71,"column":6},"end":{"line":71,"column":23}},"41":{"start":{"line":72,"column":6},"end":{"line":72,"column":16}},"42":{"start":{"line":76,"column":2},"end":{"line":88,"column":9}},"43":{"start":{"line":77,"column":4},"end":{"line":86,"column":9}},"44":{"start":{"line":78,"column":17},"end":{"line":78,"column":51}},"45":{"start":{"line":80,"column":8},"end":{"line":80,"column":58}},"46":{"start":{"line":81,"column":8},"end":{"line":81,"column":24}},"47":{"start":{"line":84,"column":8},"end":{"line":84,"column":22}},"48":{"start":{"line":85,"column":8},"end":{"line":85,"column":25}},"49":{"start":{"line":87,"column":4},"end":{"line":87,"column":21}},"50":{"start":{"line":91,"column":2},"end":{"line":109,"column":27}},"51":{"start":{"line":92,"column":4},"end":{"line":92,"column":22}},"52":{"start":{"line":92,"column":15},"end":{"line":92,"column":22}},"53":{"start":{"line":93,"column":27},"end":{"line":93,"column":60}},"54":{"start":{"line":93,"column":33},"end":{"line":93,"column":60}},"55":{"start":{"line":94,"column":4},"end":{"line":94,"column":57}},"56":{"start":{"line":95,"column":4},"end":{"line":95,"column":55}},"57":{"start":{"line":96,"column":21},"end":{"line":103,"column":13}},"58":{"start":{"line":97,"column":6},"end":{"line":102,"column":7}},"59":{"start":{"line":98,"column":8},"end":{"line":98,"column":82}},"60":{"start":{"line":99,"column":8},"end":{"line":99,"column":22}},"61":{"start":{"line":100,"column":8},"end":{"line":100,"column":25}},"62":{"start":{"line":101,"column":8},"end":{"line":101,"column":59}},"63":{"start":{"line":104,"column":4},"end":{"line":108,"column":6}},"64":{"start":{"line":105,"column":6},"end":{"line":105,"column":62}},"65":{"start":{"line":106,"column":6},"end":{"line":106,"column":60}},"66":{"start":{"line":107,"column":6},"end":{"line":107,"column":30}},"67":{"start":{"line":110,"column":28},"end":{"line":110,"column":40}},"68":{"start":{"line":111,"column":32},"end":{"line":111,"column":44}},"69":{"start":{"line":112,"column":40},"end":{"line":112,"column":55}},"70":{"start":{"line":113,"column":36},"end":{"line":113,"column":48}},"71":{"start":{"line":114,"column":38},"end":{"line":114,"column":53}},"72":{"start":{"line":115,"column":34},"end":{"line":115,"column":49}},"73":{"start":{"line":116,"column":46},"end":{"line":116,"column":102}},"74":{"start":{"line":117,"column":52},"end":{"line":117,"column":67}},"75":{"start":{"line":118,"column":42},"end":{"line":118,"column":56}},"76":{"start":{"line":119,"column":48},"end":{"line":119,"column":63}},"77":{"start":{"line":121,"column":18},"end":{"line":121,"column":30}},"78":{"start":{"line":124,"column":2},"end":{"line":173,"column":19}},"79":{"start":{"line":125,"column":4},"end":{"line":125,"column":40}},"80":{"start":{"line":126,"column":23},"end":{"line":126,"column":44}},"81":{"start":{"line":128,"column":6},"end":{"line":167,"column":7}},"82":{"start":{"line":129,"column":8},"end":{"line":166,"column":9}},"83":{"start":{"line":130,"column":22},"end":{"line":140,"column":12}},"84":{"start":{"line":141,"column":10},"end":{"line":147,"column":11}},"85":{"start":{"line":143,"column":12},"end":{"line":143,"column":116}},"86":{"start":{"line":144,"column":12},"end":{"line":144,"column":25}},"87":{"start":{"line":145,"column":12},"end":{"line":145,"column":71}},"88":{"start":{"line":146,"column":12},"end":{"line":146,"column":19}},"89":{"start":{"line":148,"column":23},"end":{"line":148,"column":39}},"90":{"start":{"line":150,"column":10},"end":{"line":155,"column":11}},"91":{"start":{"line":150,"column":68},"end":{"line":150,"column":94}},"92":{"start":{"line":151,"column":12},"end":{"line":151,"column":80}},"93":{"start":{"line":152,"column":12},"end":{"line":152,"column":25}},"94":{"start":{"line":153,"column":12},"end":{"line":153,"column":62}},"95":{"start":{"line":154,"column":12},"end":{"line":154,"column":19}},"96":{"start":{"line":156,"column":10},"end":{"line":156,"column":30}},"97":{"start":{"line":158,"column":10},"end":{"line":162,"column":11}},"98":{"start":{"line":159,"column":12},"end":{"line":159,"column":83}},"99":{"start":{"line":160,"column":12},"end":{"line":160,"column":25}},"100":{"start":{"line":161,"column":12},"end":{"line":161,"column":71}},"101":{"start":{"line":165,"column":10},"end":{"line":165,"column":88}},"102":{"start":{"line":165,"column":29},"end":{"line":165,"column":79}},"103":{"start":{"line":169,"column":4},"end":{"line":169,"column":17}},"104":{"start":{"line":170,"column":4},"end":{"line":172,"column":6}},"105":{"start":{"line":171,"column":6},"end":{"line":171,"column":25}},"106":{"start":{"line":176,"column":23},"end":{"line":182,"column":3}},"107":{"start":{"line":177,"column":4},"end":{"line":177,"column":78}},"108":{"start":{"line":178,"column":4},"end":{"line":178,"column":18}},"109":{"start":{"line":179,"column":4},"end":{"line":179,"column":21}},"110":{"start":{"line":180,"column":4},"end":{"line":180,"column":43}},"111":{"start":{"line":181,"column":4},"end":{"line":181,"column":17}},"112":{"start":{"line":185,"column":16},"end":{"line":185,"column":20}},"113":{"start":{"line":186,"column":2},"end":{"line":441,"column":3}},"114":{"start":{"line":187,"column":4},"end":{"line":225,"column":6}},"115":{"start":{"line":191,"column":12},"end":{"line":191,"column":33}},"116":{"start":{"line":192,"column":12},"end":{"line":192,"column":29}},"117":{"start":{"line":193,"column":12},"end":{"line":218,"column":13}},"118":{"start":{"line":194,"column":33},"end":{"line":194,"column":55}},"119":{"start":{"line":195,"column":26},"end":{"line":203,"column":16}},"120":{"start":{"line":204,"column":27},"end":{"line":204,"column":43}},"121":{"start":{"line":205,"column":14},"end":{"line":208,"column":15}},"122":{"start":{"line":206,"column":16},"end":{"line":206,"column":59}},"123":{"start":{"line":207,"column":16},"end":{"line":207,"column":23}},"124":{"start":{"line":210,"column":14},"end":{"line":210,"column":64}},"125":{"start":{"line":211,"column":14},"end":{"line":211,"column":30}},"126":{"start":{"line":212,"column":14},"end":{"line":212,"column":46}},"127":{"start":{"line":213,"column":14},"end":{"line":213,"column":37}},"128":{"start":{"line":215,"column":14},"end":{"line":215,"column":40}},"129":{"start":{"line":217,"column":14},"end":{"line":217,"column":36}},"130":{"start":{"line":222,"column":32},"end":{"line":222,"column":51}},"131":{"start":{"line":226,"column":9},"end":{"line":441,"column":3}},"132":{"start":{"line":227,"column":4},"end":{"line":266,"column":6}},"133":{"start":{"line":231,"column":12},"end":{"line":231,"column":33}},"134":{"start":{"line":232,"column":12},"end":{"line":232,"column":29}},"135":{"start":{"line":233,"column":12},"end":{"line":237,"column":13}},"136":{"start":{"line":234,"column":14},"end":{"line":234,"column":53}},"137":{"start":{"line":235,"column":14},"end":{"line":235,"column":36}},"138":{"start":{"line":236,"column":14},"end":{"line":236,"column":21}},"139":{"start":{"line":238,"column":12},"end":{"line":259,"column":13}},"140":{"start":{"line":239,"column":33},"end":{"line":239,"column":55}},"141":{"start":{"line":240,"column":26},"end":{"line":248,"column":16}},"142":{"start":{"line":249,"column":27},"end":{"line":249,"column":43}},"143":{"start":{"line":250,"column":14},"end":{"line":250,"column":80}},"144":{"start":{"line":250,"column":27},"end":{"line":250,"column":80}},"145":{"start":{"line":252,"column":14},"end":{"line":252,"column":67}},"146":{"start":{"line":253,"column":14},"end":{"line":253,"column":31}},"147":{"start":{"line":254,"column":14},"end":{"line":254,"column":37}},"148":{"start":{"line":256,"column":14},"end":{"line":256,"column":40}},"149":{"start":{"line":258,"column":14},"end":{"line":258,"column":36}},"150":{"start":{"line":263,"column":29},"end":{"line":263,"column":45}},"151":{"start":{"line":267,"column":9},"end":{"line":441,"column":3}},"152":{"start":{"line":269,"column":4},"end":{"line":440,"column":5}},"153":{"start":{"line":270,"column":6},"end":{"line":277,"column":8}},"154":{"start":{"line":274,"column":28},"end":{"line":274,"column":54}},"155":{"start":{"line":274,"column":55},"end":{"line":274,"column":77}},"156":{"start":{"line":279,"column":6},"end":{"line":439,"column":8}},"157":{"start":{"line":290,"column":61},"end":{"line":290,"column":80}},"158":{"start":{"line":293,"column":61},"end":{"line":293,"column":78}},"159":{"start":{"line":299,"column":59},"end":{"line":299,"column":81}},"160":{"start":{"line":299,"column":82},"end":{"line":299,"column":107}},"161":{"start":{"line":303,"column":46},"end":{"line":303,"column":66}},"162":{"start":{"line":307,"column":18},"end":{"line":307,"column":37}},"163":{"start":{"line":308,"column":18},"end":{"line":308,"column":45}},"164":{"start":{"line":309,"column":18},"end":{"line":309,"column":33}},"165":{"start":{"line":310,"column":18},"end":{"line":354,"column":19}},"166":{"start":{"line":311,"column":39},"end":{"line":311,"column":61}},"167":{"start":{"line":312,"column":32},"end":{"line":324,"column":22}},"168":{"start":{"line":325,"column":33},"end":{"line":325,"column":49}},"169":{"start":{"line":326,"column":20},"end":{"line":326,"column":110}},"170":{"start":{"line":326,"column":50},"end":{"line":326,"column":110}},"171":{"start":{"line":327,"column":20},"end":{"line":327,"column":66}},"172":{"start":{"line":328,"column":20},"end":{"line":328,"column":41}},"173":{"start":{"line":329,"column":20},"end":{"line":329,"column":86}},"174":{"start":{"line":331,"column":20},"end":{"line":349,"column":21}},"175":{"start":{"line":332,"column":34},"end":{"line":341,"column":24}},"176":{"start":{"line":342,"column":22},"end":{"line":342,"column":83}},"177":{"start":{"line":342,"column":35},"end":{"line":342,"column":83}},"178":{"start":{"line":343,"column":35},"end":{"line":343,"column":51}},"179":{"start":{"line":344,"column":22},"end":{"line":344,"column":161}},"180":{"start":{"line":344,"column":80},"end":{"line":344,"column":106}},"181":{"start":{"line":344,"column":109},"end":{"line":344,"column":161}},"182":{"start":{"line":345,"column":22},"end":{"line":345,"column":42}},"183":{"start":{"line":347,"column":22},"end":{"line":347,"column":35}},"184":{"start":{"line":348,"column":22},"end":{"line":348,"column":66}},"185":{"start":{"line":351,"column":20},"end":{"line":351,"column":44}},"186":{"start":{"line":353,"column":20},"end":{"line":353,"column":48}},"187":{"start":{"line":362,"column":37},"end":{"line":362,"column":93}},"188":{"start":{"line":362,"column":61},"end":{"line":362,"column":91}},"189":{"start":{"line":373,"column":37},"end":{"line":373,"column":98}},"190":{"start":{"line":373,"column":61},"end":{"line":373,"column":96}},"191":{"start":{"line":385,"column":37},"end":{"line":385,"column":102}},"192":{"start":{"line":385,"column":61},"end":{"line":385,"column":100}},"193":{"start":{"line":397,"column":105},"end":{"line":397,"column":125}},"194":{"start":{"line":409,"column":31},"end":{"line":409,"column":49}},"195":{"start":{"line":413,"column":18},"end":{"line":413,"column":37}},"196":{"start":{"line":415,"column":18},"end":{"line":433,"column":19}},"197":{"start":{"line":416,"column":32},"end":{"line":425,"column":22}},"198":{"start":{"line":426,"column":20},"end":{"line":426,"column":81}},"199":{"start":{"line":426,"column":33},"end":{"line":426,"column":81}},"200":{"start":{"line":427,"column":33},"end":{"line":427,"column":49}},"201":{"start":{"line":428,"column":20},"end":{"line":428,"column":149}},"202":{"start":{"line":428,"column":68},"end":{"line":428,"column":94}},"203":{"start":{"line":428,"column":97},"end":{"line":428,"column":149}},"204":{"start":{"line":429,"column":20},"end":{"line":429,"column":35}},"205":{"start":{"line":431,"column":20},"end":{"line":431,"column":33}},"206":{"start":{"line":432,"column":20},"end":{"line":432,"column":64}},"207":{"start":{"line":444,"column":2},"end":{"line":488,"column":4}},"208":{"start":{"line":453,"column":14},"end":{"line":453,"column":29}},"209":{"start":{"line":454,"column":14},"end":{"line":454,"column":31}},"210":{"start":{"line":493,"column":30},"end":{"line":493,"column":50}},"211":{"start":{"line":494,"column":2},"end":{"line":505,"column":9}},"212":{"start":{"line":495,"column":23},"end":{"line":495,"column":44}},"213":{"start":{"line":496,"column":4},"end":{"line":501,"column":9}},"214":{"start":{"line":497,"column":17},"end":{"line":497,"column":51}},"215":{"start":{"line":498,"column":20},"end":{"line":498,"column":54}},"216":{"start":{"line":500,"column":8},"end":{"line":500,"column":57}},"217":{"start":{"line":500,"column":39},"end":{"line":500,"column":57}},"218":{"start":{"line":502,"column":4},"end":{"line":504,"column":6}},"219":{"start":{"line":503,"column":6},"end":{"line":503,"column":25}},"220":{"start":{"line":506,"column":2},"end":{"line":510,"column":4}}},"fnMap":{"0":{"name":"(anonymous_0)","decl":{"start":{"line":4,"column":37},"end":{"line":4,"column":38}},"loc":{"start":{"line":4,"column":43},"end":{"line":4,"column":83}},"line":4},"1":{"name":"(anonymous_1)","decl":{"start":{"line":7,"column":29},"end":{"line":7,"column":30}},"loc":{"start":{"line":7,"column":35},"end":{"line":7,"column":67}},"line":7},"2":{"name":"(anonymous_2)","decl":{"start":{"line":8,"column":32},"end":{"line":8,"column":33}},"loc":{"start":{"line":8,"column":38},"end":{"line":8,"column":73}},"line":8},"3":{"name":"(anonymous_3)","decl":{"start":{"line":9,"column":28},"end":{"line":9,"column":29}},"loc":{"start":{"line":9,"column":34},"end":{"line":9,"column":65}},"line":9},"4":{"name":"(anonymous_4)","decl":{"start":{"line":10,"column":35},"end":{"line":10,"column":36}},"loc":{"start":{"line":10,"column":41},"end":{"line":10,"column":79}},"line":10},"5":{"name":"(anonymous_5)","decl":{"start":{"line":15,"column":23},"end":{"line":15,"column":24}},"loc":{"start":{"line":15,"column":29},"end":{"line":15,"column":52}},"line":15},"6":{"name":"(anonymous_6)","decl":{"start":{"line":19,"column":2},"end":{"line":19,"column":3}},"loc":{"start":{"line":19,"column":21},"end":{"line":22,"column":3}},"line":19},"7":{"name":"(anonymous_7)","decl":{"start":{"line":23,"column":2},"end":{"line":23,"column":3}},"loc":{"start":{"line":23,"column":41},"end":{"line":25,"column":3}},"line":23},"8":{"name":"(anonymous_8)","decl":{"start":{"line":26,"column":2},"end":{"line":26,"column":3}},"loc":{"start":{"line":26,"column":33},"end":{"line":29,"column":3}},"line":26},"9":{"name":"(anonymous_9)","decl":{"start":{"line":30,"column":2},"end":{"line":30,"column":3}},"loc":{"start":{"line":30,"column":11},"end":{"line":35,"column":3}},"line":30},"10":{"name":"App","decl":{"start":{"line":42,"column":9},"end":{"line":42,"column":12}},"loc":{"start":{"line":42,"column":15},"end":{"line":489,"column":1}},"line":42},"11":{"name":"(anonymous_11)","decl":{"start":{"line":44,"column":18},"end":{"line":44,"column":19}},"loc":{"start":{"line":44,"column":24},"end":{"line":50,"column":3}},"line":44},"12":{"name":"clearAuthError","decl":{"start":{"line":45,"column":13},"end":{"line":45,"column":27}},"loc":{"start":{"line":45,"column":30},"end":{"line":47,"column":5}},"line":45},"13":{"name":"(anonymous_13)","decl":{"start":{"line":49,"column":11},"end":{"line":49,"column":12}},"loc":{"start":{"line":49,"column":17},"end":{"line":49,"column":79}},"line":49},"14":{"name":"(anonymous_14)","decl":{"start":{"line":57,"column":25},"end":{"line":57,"column":26}},"loc":{"start":{"line":57,"column":37},"end":{"line":74,"column":3}},"line":57},"15":{"name":"(anonymous_15)","decl":{"start":{"line":64,"column":24},"end":{"line":64,"column":25}},"loc":{"start":{"line":64,"column":35},"end":{"line":64,"column":58}},"line":64},"16":{"name":"(anonymous_16)","decl":{"start":{"line":76,"column":12},"end":{"line":76,"column":13}},"loc":{"start":{"line":76,"column":18},"end":{"line":88,"column":3}},"line":76},"17":{"name":"(anonymous_17)","decl":{"start":{"line":78,"column":12},"end":{"line":78,"column":13}},"loc":{"start":{"line":78,"column":17},"end":{"line":78,"column":51}},"line":78},"18":{"name":"(anonymous_18)","decl":{"start":{"line":79,"column":12},"end":{"line":79,"column":13}},"loc":{"start":{"line":79,"column":20},"end":{"line":82,"column":7}},"line":79},"19":{"name":"(anonymous_19)","decl":{"start":{"line":83,"column":13},"end":{"line":83,"column":14}},"loc":{"start":{"line":83,"column":19},"end":{"line":86,"column":7}},"line":83},"20":{"name":"(anonymous_20)","decl":{"start":{"line":91,"column":12},"end":{"line":91,"column":13}},"loc":{"start":{"line":91,"column":18},"end":{"line":109,"column":3}},"line":91},"21":{"name":"(anonymous_21)","decl":{"start":{"line":93,"column":27},"end":{"line":93,"column":28}},"loc":{"start":{"line":93,"column":33},"end":{"line":93,"column":60}},"line":93},"22":{"name":"(anonymous_22)","decl":{"start":{"line":96,"column":33},"end":{"line":96,"column":34}},"loc":{"start":{"line":96,"column":39},"end":{"line":103,"column":5}},"line":96},"23":{"name":"(anonymous_23)","decl":{"start":{"line":104,"column":11},"end":{"line":104,"column":12}},"loc":{"start":{"line":104,"column":17},"end":{"line":108,"column":5}},"line":104},"24":{"name":"(anonymous_24)","decl":{"start":{"line":124,"column":12},"end":{"line":124,"column":13}},"loc":{"start":{"line":124,"column":18},"end":{"line":173,"column":3}},"line":124},"25":{"name":"fetchChits","decl":{"start":{"line":127,"column":19},"end":{"line":127,"column":29}},"loc":{"start":{"line":127,"column":32},"end":{"line":168,"column":5}},"line":127},"26":{"name":"(anonymous_26)","decl":{"start":{"line":150,"column":60},"end":{"line":150,"column":61}},"loc":{"start":{"line":150,"column":68},"end":{"line":150,"column":94}},"line":150},"27":{"name":"(anonymous_27)","decl":{"start":{"line":165,"column":21},"end":{"line":165,"column":22}},"loc":{"start":{"line":165,"column":27},"end":{"line":165,"column":81}},"line":165},"28":{"name":"(anonymous_28)","decl":{"start":{"line":170,"column":11},"end":{"line":170,"column":12}},"loc":{"start":{"line":170,"column":17},"end":{"line":172,"column":5}},"line":170},"29":{"name":"(anonymous_29)","decl":{"start":{"line":176,"column":23},"end":{"line":176,"column":24}},"loc":{"start":{"line":176,"column":29},"end":{"line":182,"column":3}},"line":176},"30":{"name":"(anonymous_30)","decl":{"start":{"line":190,"column":19},"end":{"line":190,"column":20}},"loc":{"start":{"line":190,"column":53},"end":{"line":219,"column":11}},"line":190},"31":{"name":"(anonymous_31)","decl":{"start":{"line":222,"column":26},"end":{"line":222,"column":27}},"loc":{"start":{"line":222,"column":32},"end":{"line":222,"column":51}},"line":222},"32":{"name":"(anonymous_32)","decl":{"start":{"line":230,"column":22},"end":{"line":230,"column":23}},"loc":{"start":{"line":230,"column":36},"end":{"line":260,"column":11}},"line":230},"33":{"name":"(anonymous_33)","decl":{"start":{"line":263,"column":23},"end":{"line":263,"column":24}},"loc":{"start":{"line":263,"column":29},"end":{"line":263,"column":45}},"line":263},"34":{"name":"(anonymous_34)","decl":{"start":{"line":274,"column":20},"end":{"line":274,"column":21}},"loc":{"start":{"line":274,"column":26},"end":{"line":274,"column":79}},"line":274},"35":{"name":"(anonymous_35)","decl":{"start":{"line":290,"column":55},"end":{"line":290,"column":56}},"loc":{"start":{"line":290,"column":61},"end":{"line":290,"column":80}},"line":290},"36":{"name":"(anonymous_36)","decl":{"start":{"line":293,"column":55},"end":{"line":293,"column":56}},"loc":{"start":{"line":293,"column":61},"end":{"line":293,"column":78}},"line":293},"37":{"name":"(anonymous_37)","decl":{"start":{"line":299,"column":49},"end":{"line":299,"column":50}},"loc":{"start":{"line":299,"column":57},"end":{"line":299,"column":109}},"line":299},"38":{"name":"(anonymous_38)","decl":{"start":{"line":303,"column":40},"end":{"line":303,"column":41}},"loc":{"start":{"line":303,"column":46},"end":{"line":303,"column":66}},"line":303},"39":{"name":"(anonymous_39)","decl":{"start":{"line":306,"column":32},"end":{"line":306,"column":33}},"loc":{"start":{"line":306,"column":43},"end":{"line":355,"column":17}},"line":306},"40":{"name":"(anonymous_40)","decl":{"start":{"line":344,"column":72},"end":{"line":344,"column":73}},"loc":{"start":{"line":344,"column":80},"end":{"line":344,"column":106}},"line":344},"41":{"name":"(anonymous_41)","decl":{"start":{"line":362,"column":32},"end":{"line":362,"column":33}},"loc":{"start":{"line":362,"column":37},"end":{"line":362,"column":93}},"line":362},"42":{"name":"(anonymous_42)","decl":{"start":{"line":362,"column":55},"end":{"line":362,"column":56}},"loc":{"start":{"line":362,"column":61},"end":{"line":362,"column":91}},"line":362},"43":{"name":"(anonymous_43)","decl":{"start":{"line":373,"column":32},"end":{"line":373,"column":33}},"loc":{"start":{"line":373,"column":37},"end":{"line":373,"column":98}},"line":373},"44":{"name":"(anonymous_44)","decl":{"start":{"line":373,"column":55},"end":{"line":373,"column":56}},"loc":{"start":{"line":373,"column":61},"end":{"line":373,"column":96}},"line":373},"45":{"name":"(anonymous_45)","decl":{"start":{"line":385,"column":32},"end":{"line":385,"column":33}},"loc":{"start":{"line":385,"column":37},"end":{"line":385,"column":102}},"line":385},"46":{"name":"(anonymous_46)","decl":{"start":{"line":385,"column":55},"end":{"line":385,"column":56}},"loc":{"start":{"line":385,"column":61},"end":{"line":385,"column":100}},"line":385},"47":{"name":"(anonymous_47)","decl":{"start":{"line":397,"column":99},"end":{"line":397,"column":100}},"loc":{"start":{"line":397,"column":105},"end":{"line":397,"column":125}},"line":397},"48":{"name":"(anonymous_48)","decl":{"start":{"line":409,"column":25},"end":{"line":409,"column":26}},"loc":{"start":{"line":409,"column":31},"end":{"line":409,"column":49}},"line":409},"49":{"name":"(anonymous_49)","decl":{"start":{"line":412,"column":26},"end":{"line":412,"column":27}},"loc":{"start":{"line":412,"column":38},"end":{"line":434,"column":17}},"line":412},"50":{"name":"(anonymous_50)","decl":{"start":{"line":428,"column":60},"end":{"line":428,"column":61}},"loc":{"start":{"line":428,"column":68},"end":{"line":428,"column":94}},"line":428},"51":{"name":"(anonymous_51)","decl":{"start":{"line":452,"column":21},"end":{"line":452,"column":22}},"loc":{"start":{"line":452,"column":27},"end":{"line":455,"column":13}},"line":452},"52":{"name":"FrontendHealthCheck","decl":{"start":{"line":492,"column":9},"end":{"line":492,"column":28}},"loc":{"start":{"line":492,"column":31},"end":{"line":511,"column":1}},"line":492},"53":{"name":"(anonymous_53)","decl":{"start":{"line":494,"column":12},"end":{"line":494,"column":13}},"loc":{"start":{"line":494,"column":18},"end":{"line":505,"column":3}},"line":494},"54":{"name":"(anonymous_54)","decl":{"start":{"line":497,"column":12},"end":{"line":497,"column":13}},"loc":{"start":{"line":497,"column":17},"end":{"line":497,"column":51}},"line":497},"55":{"name":"(anonymous_55)","decl":{"start":{"line":498,"column":12},"end":{"line":498,"column":13}},"loc":{"start":{"line":498,"column":20},"end":{"line":498,"column":54}},"line":498},"56":{"name":"(anonymous_56)","decl":{"start":{"line":499,"column":13},"end":{"line":499,"column":14}},"loc":{"start":{"line":499,"column":22},"end":{"line":501,"column":7}},"line":499},"57":{"name":"(anonymous_57)","decl":{"start":{"line":502,"column":11},"end":{"line":502,"column":12}},"loc":{"start":{"line":502,"column":17},"end":{"line":504,"column":5}},"line":502}},"branchMap":{"0":{"loc":{"start":{"line":31,"column":4},"end":{"line":33,"column":5}},"type":"if","locations":[{"start":{"line":31,"column":4},"end":{"line":33,"column":5}},{"start":{},"end":{}}],"line":31},"1":{"loc":{"start":{"line":61,"column":6},"end":{"line":61,"column":65}},"type":"if","locations":[{"start":{"line":61,"column":6},"end":{"line":61,"column":65}},{"start":{},"end":{}}],"line":61},"2":{"loc":{"start":{"line":67,"column":26},"end":{"line":67,"column":67}},"type":"cond-expr","locations":[{"start":{"line":67,"column":34},"end":{"line":67,"column":62}},{"start":{"line":67,"column":65},"end":{"line":67,"column":67}}],"line":67},"3":{"loc":{"start":{"line":78,"column":17},"end":{"line":78,"column":51}},"type":"cond-expr","locations":[{"start":{"line":78,"column":24},"end":{"line":78,"column":32}},{"start":{"line":78,"column":35},"end":{"line":78,"column":51}}],"line":78},"4":{"loc":{"start":{"line":92,"column":4},"end":{"line":92,"column":22}},"type":"if","locations":[{"start":{"line":92,"column":4},"end":{"line":92,"column":22}},{"start":{},"end":{}}],"line":92},"5":{"loc":{"start":{"line":97,"column":6},"end":{"line":102,"column":7}},"type":"if","locations":[{"start":{"line":97,"column":6},"end":{"line":102,"column":7}},{"start":{},"end":{}}],"line":97},"6":{"loc":{"start":{"line":128,"column":6},"end":{"line":167,"column":7}},"type":"if","locations":[{"start":{"line":128,"column":6},"end":{"line":167,"column":7}},{"start":{},"end":{}}],"line":128},"7":{"loc":{"start":{"line":128,"column":10},"end":{"line":128,"column":33}},"type":"binary-expr","locations":[{"start":{"line":128,"column":10},"end":{"line":128,"column":14}},{"start":{"line":128,"column":18},"end":{"line":128,"column":33}}],"line":128},"8":{"loc":{"start":{"line":141,"column":10},"end":{"line":147,"column":11}},"type":"if","locations":[{"start":{"line":141,"column":10},"end":{"line":147,"column":11}},{"start":{},"end":{}}],"line":141},"9":{"loc":{"start":{"line":150,"column":10},"end":{"line":155,"column":11}},"type":"if","locations":[{"start":{"line":150,"column":10},"end":{"line":155,"column":11}},{"start":{},"end":{}}],"line":150},"10":{"loc":{"start":{"line":150,"column":14},"end":{"line":150,"column":95}},"type":"binary-expr","locations":[{"start":{"line":150,"column":14},"end":{"line":150,"column":39}},{"start":{"line":150,"column":43},"end":{"line":150,"column":95}}],"line":150},"11":{"loc":{"start":{"line":150,"column":68},"end":{"line":150,"column":94}},"type":"binary-expr","locations":[{"start":{"line":150,"column":68},"end":{"line":150,"column":81}},{"start":{"line":150,"column":85},"end":{"line":150,"column":94}}],"line":150},"12":{"loc":{"start":{"line":158,"column":10},"end":{"line":162,"column":11}},"type":"if","locations":[{"start":{"line":158,"column":10},"end":{"line":162,"column":11}},{"start":{},"end":{}}],"line":158},"13":{"loc":{"start":{"line":165,"column":29},"end":{"line":165,"column":78}},"type":"binary-expr","locations":[{"start":{"line":165,"column":29},"end":{"line":165,"column":51}},{"start":{"line":165,"column":55},"end":{"line":165,"column":78}}],"line":165},"14":{"loc":{"start":{"line":186,"column":2},"end":{"line":441,"column":3}},"type":"if","locations":[{"start":{"line":186,"column":2},"end":{"line":441,"column":3}},{"start":{"line":226,"column":9},"end":{"line":441,"column":3}}],"line":186},"15":{"loc":{"start":{"line":186,"column":6},"end":{"line":186,"column":31}},"type":"binary-expr","locations":[{"start":{"line":186,"column":6},"end":{"line":186,"column":11}},{"start":{"line":186,"column":15},"end":{"line":186,"column":31}}],"line":186},"16":{"loc":{"start":{"line":205,"column":14},"end":{"line":208,"column":15}},"type":"if","locations":[{"start":{"line":205,"column":14},"end":{"line":208,"column":15}},{"start":{},"end":{}}],"line":205},"17":{"loc":{"start":{"line":206,"column":29},"end":{"line":206,"column":57}},"type":"binary-expr","locations":[{"start":{"line":206,"column":29},"end":{"line":206,"column":39}},{"start":{"line":206,"column":43},"end":{"line":206,"column":57}}],"line":206},"18":{"loc":{"start":{"line":226,"column":9},"end":{"line":441,"column":3}},"type":"if","locations":[{"start":{"line":226,"column":9},"end":{"line":441,"column":3}},{"start":{"line":267,"column":9},"end":{"line":441,"column":3}}],"line":226},"19":{"loc":{"start":{"line":226,"column":13},"end":{"line":226,"column":41}},"type":"binary-expr","locations":[{"start":{"line":226,"column":13},"end":{"line":226,"column":18}},{"start":{"line":226,"column":22},"end":{"line":226,"column":41}}],"line":226},"20":{"loc":{"start":{"line":233,"column":12},"end":{"line":237,"column":13}},"type":"if","locations":[{"start":{"line":233,"column":12},"end":{"line":237,"column":13}},{"start":{},"end":{}}],"line":233},"21":{"loc":{"start":{"line":250,"column":14},"end":{"line":250,"column":80}},"type":"if","locations":[{"start":{"line":250,"column":14},"end":{"line":250,"column":80}},{"start":{},"end":{}}],"line":250},"22":{"loc":{"start":{"line":250,"column":43},"end":{"line":250,"column":78}},"type":"binary-expr","locations":[{"start":{"line":250,"column":43},"end":{"line":250,"column":53}},{"start":{"line":250,"column":57},"end":{"line":250,"column":78}}],"line":250},"23":{"loc":{"start":{"line":267,"column":9},"end":{"line":441,"column":3}},"type":"if","locations":[{"start":{"line":267,"column":9},"end":{"line":441,"column":3}},{"start":{},"end":{}}],"line":267},"24":{"loc":{"start":{"line":267,"column":13},"end":{"line":267,"column":36}},"type":"binary-expr","locations":[{"start":{"line":267,"column":13},"end":{"line":267,"column":17}},{"start":{"line":267,"column":21},"end":{"line":267,"column":36}}],"line":267},"25":{"loc":{"start":{"line":269,"column":4},"end":{"line":440,"column":5}},"type":"if","locations":[{"start":{"line":269,"column":4},"end":{"line":440,"column":5}},{"start":{"line":278,"column":11},"end":{"line":440,"column":5}}],"line":269},"26":{"loc":{"start":{"line":269,"column":8},"end":{"line":269,"column":39}},"type":"binary-expr","locations":[{"start":{"line":269,"column":8},"end":{"line":269,"column":23}},{"start":{"line":269,"column":27},"end":{"line":269,"column":39}}],"line":269},"27":{"loc":{"start":{"line":273,"column":20},"end":{"line":273,"column":86}},"type":"cond-expr","locations":[{"start":{"line":273,"column":44},"end":{"line":273,"column":68}},{"start":{"line":273,"column":71},"end":{"line":273,"column":86}}],"line":273},"28":{"loc":{"start":{"line":302,"column":11},"end":{"line":403,"column":11}},"type":"binary-expr","locations":[{"start":{"line":302,"column":11},"end":{"line":302,"column":21}},{"start":{"line":303,"column":12},"end":{"line":402,"column":20}}],"line":302},"29":{"loc":{"start":{"line":326,"column":20},"end":{"line":326,"column":110}},"type":"if","locations":[{"start":{"line":326,"column":20},"end":{"line":326,"column":110}},{"start":{},"end":{}}],"line":326},"30":{"loc":{"start":{"line":326,"column":24},"end":{"line":326,"column":48}},"type":"binary-expr","locations":[{"start":{"line":326,"column":24},"end":{"line":326,"column":31}},{"start":{"line":326,"column":35},"end":{"line":326,"column":48}}],"line":326},"31":{"loc":{"start":{"line":326,"column":66},"end":{"line":326,"column":108}},"type":"binary-expr","locations":[{"start":{"line":326,"column":66},"end":{"line":326,"column":76}},{"start":{"line":326,"column":80},"end":{"line":326,"column":108}}],"line":326},"32":{"loc":{"start":{"line":342,"column":22},"end":{"line":342,"column":83}},"type":"if","locations":[{"start":{"line":342,"column":22},"end":{"line":342,"column":83}},{"start":{},"end":{}}],"line":342},"33":{"loc":{"start":{"line":344,"column":22},"end":{"line":344,"column":161}},"type":"if","locations":[{"start":{"line":344,"column":22},"end":{"line":344,"column":161}},{"start":{},"end":{}}],"line":344},"34":{"loc":{"start":{"line":344,"column":26},"end":{"line":344,"column":107}},"type":"binary-expr","locations":[{"start":{"line":344,"column":26},"end":{"line":344,"column":51}},{"start":{"line":344,"column":55},"end":{"line":344,"column":107}}],"line":344},"35":{"loc":{"start":{"line":344,"column":80},"end":{"line":344,"column":106}},"type":"binary-expr","locations":[{"start":{"line":344,"column":80},"end":{"line":344,"column":93}},{"start":{"line":344,"column":97},"end":{"line":344,"column":106}}],"line":344},"36":{"loc":{"start":{"line":392,"column":43},"end":{"line":392,"column":76}},"type":"binary-expr","locations":[{"start":{"line":392,"column":43},"end":{"line":392,"column":71}},{"start":{"line":392,"column":75},"end":{"line":392,"column":76}}],"line":392},"37":{"loc":{"start":{"line":392,"column":87},"end":{"line":392,"column":116}},"type":"binary-expr","locations":[{"start":{"line":392,"column":87},"end":{"line":392,"column":111}},{"start":{"line":392,"column":115},"end":{"line":392,"column":116}}],"line":392},"38":{"loc":{"start":{"line":395,"column":21},"end":{"line":395,"column":75}},"type":"cond-expr","locations":[{"start":{"line":395,"column":41},"end":{"line":395,"column":54}},{"start":{"line":395,"column":57},"end":{"line":395,"column":75}}],"line":395},"39":{"loc":{"start":{"line":405,"column":11},"end":{"line":437,"column":11}},"type":"binary-expr","locations":[{"start":{"line":405,"column":11},"end":{"line":405,"column":19}},{"start":{"line":406,"column":12},"end":{"line":436,"column":23}}],"line":405},"40":{"loc":{"start":{"line":426,"column":20},"end":{"line":426,"column":81}},"type":"if","locations":[{"start":{"line":426,"column":20},"end":{"line":426,"column":81}},{"start":{},"end":{}}],"line":426},"41":{"loc":{"start":{"line":428,"column":20},"end":{"line":428,"column":149}},"type":"if","locations":[{"start":{"line":428,"column":20},"end":{"line":428,"column":149}},{"start":{},"end":{}}],"line":428},"42":{"loc":{"start":{"line":428,"column":24},"end":{"line":428,"column":95}},"type":"binary-expr","locations":[{"start":{"line":428,"column":24},"end":{"line":428,"column":44}},{"start":{"line":428,"column":48},"end":{"line":428,"column":95}}],"line":428},"43":{"loc":{"start":{"line":428,"column":68},"end":{"line":428,"column":94}},"type":"binary-expr","locations":[{"start":{"line":428,"column":68},"end":{"line":428,"column":81}},{"start":{"line":428,"column":85},"end":{"line":428,"column":94}}],"line":428},"44":{"loc":{"start":{"line":449,"column":18},"end":{"line":449,"column":42}},"type":"binary-expr","locations":[{"start":{"line":449,"column":18},"end":{"line":449,"column":27}},{"start":{"line":449,"column":31},"end":{"line":449,"column":42}}],"line":449},"45":{"loc":{"start":{"line":450,"column":21},"end":{"line":450,"column":41}},"type":"binary-expr","locations":[{"start":{"line":450,"column":21},"end":{"line":450,"column":28}},{"start":{"line":450,"column":32},"end":{"line":450,"column":41}}],"line":450},"46":{"loc":{"start":{"line":451,"column":19},"end":{"line":451,"column":95}},"type":"cond-expr","locations":[{"start":{"line":451,"column":76},"end":{"line":451,"column":85}},{"start":{"line":451,"column":88},"end":{"line":451,"column":95}}],"line":451},"47":{"loc":{"start":{"line":451,"column":20},"end":{"line":451,"column":72}},"type":"binary-expr","locations":[{"start":{"line":451,"column":20},"end":{"line":451,"column":27}},{"start":{"line":451,"column":31},"end":{"line":451,"column":72}}],"line":451},"48":{"loc":{"start":{"line":458,"column":11},"end":{"line":483,"column":11}},"type":"binary-expr","locations":[{"start":{"line":458,"column":11},"end":{"line":458,"column":15}},{"start":{"line":458,"column":19},"end":{"line":458,"column":34}},{"start":{"line":459,"column":12},"end":{"line":482,"column":21}}],"line":458},"49":{"loc":{"start":{"line":497,"column":17},"end":{"line":497,"column":51}},"type":"cond-expr","locations":[{"start":{"line":497,"column":24},"end":{"line":497,"column":32}},{"start":{"line":497,"column":35},"end":{"line":497,"column":51}}],"line":497},"50":{"loc":{"start":{"line":498,"column":30},"end":{"line":498,"column":53}},"type":"cond-expr","locations":[{"start":{"line":498,"column":40},"end":{"line":498,"column":44}},{"start":{"line":498,"column":47},"end":{"line":498,"column":53}}],"line":498},"51":{"loc":{"start":{"line":500,"column":8},"end":{"line":500,"column":57}},"type":"if","locations":[{"start":{"line":500,"column":8},"end":{"line":500,"column":57}},{"start":{},"end":{}}],"line":500},"52":{"loc":{"start":{"line":507,"column":95},"end":{"line":507,"column":134}},"type":"cond-expr","locations":[{"start":{"line":507,"column":113},"end":{"line":507,"column":122}},{"start":{"line":507,"column":125},"end":{"line":507,"column":134}}],"line":507},"53":{"loc":{"start":{"line":508,"column":16},"end":{"line":508,"column":99}},"type":"cond-expr","locations":[{"start":{"line":508,"column":34},"end":{"line":508,"column":43}},{"start":{"line":508,"column":46},"end":{"line":508,"column":99}}],"line":508},"54":{"loc":{"start":{"line":508,"column":46},"end":{"line":508,"column":99}},"type":"cond-expr","locations":[{"start":{"line":508,"column":70},"end":{"line":508,"column":83}},{"start":{"line":508,"column":86},"end":{"line":508,"column":99}}],"line":508}},"s":{"0":1,"1":0,"2":1,"3":1,"4":1,"5":0,"6":1,"7":1,"8":1,"9":0,"10":1,"11":1,"12":0,"13":1,"14":1,"15":0,"16":8,"17":0,"18":8,"19":9,"20":0,"21":1,"22":1,"23":1,"24":9,"25":9,"26":9,"27":9,"28":9,"29":2,"30":2,"31":2,"32":0,"33":2,"34":2,"35":2,"36":2,"37":2,"38":2,"39":2,"40":0,"41":0,"42":9,"43":1,"44":1,"45":1,"46":1,"47":0,"48":0,"49":1,"50":9,"51":2,"52":1,"53":1,"54":0,"55":1,"56":1,"57":1,"58":0,"59":0,"60":0,"61":0,"62":0,"63":1,"64":1,"65":1,"66":1,"67":9,"68":9,"69":9,"70":9,"71":9,"72":9,"73":9,"74":9,"75":9,"76":9,"77":9,"78":9,"79":2,"80":2,"81":2,"82":1,"83":1,"84":1,"85":0,"86":0,"87":0,"88":0,"89":1,"90":1,"91":0,"92":0,"93":0,"94":0,"95":0,"96":1,"97":0,"98":0,"99":0,"100":0,"101":1,"102":0,"103":2,"104":2,"105":2,"106":9,"107":0,"108":0,"109":0,"110":0,"111":0,"112":9,"113":9,"114":1,"115":0,"116":0,"117":0,"118":0,"119":0,"120":0,"121":0,"122":0,"123":0,"124":0,"125":0,"126":0,"127":0,"128":0,"129":0,"130":0,"131":8,"132":0,"133":0,"134":0,"135":0,"136":0,"137":0,"138":0,"139":0,"140":0,"141":0,"142":0,"143":0,"144":0,"145":0,"146":0,"147":0,"148":0,"149":0,"150":0,"151":8,"152":8,"153":0,"154":0,"155":0,"156":8,"157":1,"158":0,"159":0,"160":0,"161":0,"162":1,"163":1,"164":1,"165":1,"166":1,"167":1,"168":1,"169":1,"170":0,"171":1,"172":1,"173":1,"174":1,"175":1,"176":1,"177":0,"178":1,"179":1,"180":1,"181":0,"182":1,"183":0,"184":0,"185":0,"186":1,"187":1,"188":1,"189":1,"190":1,"191":1,"192":1,"193":0,"194":0,"195":0,"196":0,"197":0,"198":0,"199":0,"200":0,"201":0,"202":0,"203":0,"204":0,"205":0,"206":0,"207":9,"208":0,"209":0,"210":8,"211":8,"212":1,"213":1,"214":1,"215":1,"216":0,"217":0,"218":1,"219":1,"220":8},"f":{"0":0,"1":1,"2":0,"3":1,"4":0,"5":0,"6":1,"7":0,"8":0,"9":8,"10":9,"11":1,"12":0,"13":1,"14":2,"15":2,"16":1,"17":1,"18":1,"19":0,"20":2,"21":0,"22":0,"23":1,"24":2,"25":2,"26":0,"27":0,"28":2,"29":0,"30":0,"31":0,"32":0,"33":0,"34":0,"35":1,"36":0,"37":0,"38":0,"39":1,"40":1,"41":1,"42":1,"43":1,"44":1,"45":1,"46":1,"47":0,"48":0,"49":0,"50":0,"51":0,"52":8,"53":1,"54":1,"55":1,"56":0,"57":1},"b":{"0":[0,8],"1":[0,2],"2":[0,2],"3":[1,0],"4":[1,1],"5":[0,0],"6":[1,1],"7":[2,1],"8":[0,1],"9":[0,1],"10":[1,1],"11":[0,0],"12":[0,0],"13":[0,0],"14":[1,8],"15":[9,1],"16":[0,0],"17":[0,0],"18":[0,8],"19":[8,0],"20":[0,0],"21":[0,0],"22":[0,0],"23":[8,0],"24":[8,8],"25":[0,8],"26":[8,0],"27":[0,0],"28":[8,5],"29":[0,1],"30":[1,1],"31":[0,0],"32":[0,1],"33":[0,1],"34":[1,1],"35":[1,1],"36":[5,2],"37":[5,3],"38":[1,4],"39":[8,0],"40":[0,0],"41":[0,0],"42":[0,0],"43":[0,0],"44":[9,8],"45":[9,8],"46":[1,8],"47":[9,1],"48":[9,8,8],"49":[1,0],"50":[0,1],"51":[0,0],"52":[0,8],"53":[0,8],"54":[1,7]},"_coverageSchema":"1a1c01bbd47fc00a2c39e90264f33305004495a9","hash":"5d17acbe64f1fb9aef9ed0fe75412d0ec9fa75c8"}
,"/Users/yashwanth/Downloads/Project/frontend/src/components/ChitCard.jsx": {"path":"/Users/yashwanth/Downloads/Project/frontend/src/components/ChitCard.jsx","statementMap":{"0":{"start":{"line":7,"column":2},"end":{"line":51,"column":4}}},"fnMap":{"0":{"name":"ChitCard","decl":{"start":{"line":6,"column":9},"end":{"line":6,"column":17}},"loc":{"start":{"line":6,"column":47},"end":{"line":52,"column":1}},"line":6}},"branchMap":{"0":{"loc":{"start":{"line":32,"column":38},"end":{"line":32,"column":67}},"type":"binary-expr","locations":[{"start":{"line":32,"column":38},"end":{"line":32,"column":52}},{"start":{"line":32,"column":56},"end":{"line":32,"column":67}}],"line":32},"1":{"loc":{"start":{"line":44,"column":16},"end":{"line":44,"column":45}},"type":"binary-expr","locations":[{"start":{"line":44,"column":16},"end":{"line":44,"column":30}},{"start":{"line":44,"column":34},"end":{"line":44,"column":45}}],"line":44},"2":{"loc":{"start":{"line":45,"column":9},"end":{"line":45,"column":38}},"type":"binary-expr","locations":[{"start":{"line":45,"column":9},"end":{"line":45,"column":23}},{"start":{"line":45,"column":27},"end":{"line":45,"column":38}}],"line":45},"3":{"loc":{"start":{"line":47,"column":76},"end":{"line":47,"column":107}},"type":"binary-expr","locations":[{"start":{"line":47,"column":76},"end":{"line":47,"column":99}},{"start":{"line":47,"column":103},"end":{"line":47,"column":107}}],"line":47},"4":{"loc":{"start":{"line":48,"column":67},"end":{"line":48,"column":94}},"type":"binary-expr","locations":[{"start":{"line":48,"column":67},"end":{"line":48,"column":86}},{"start":{"line":48,"column":90},"end":{"line":48,"column":94}}],"line":48},"5":{"loc":{"start":{"line":49,"column":61},"end":{"line":49,"column":73}},"type":"binary-expr","locations":[{"start":{"line":49,"column":61},"end":{"line":49,"column":65}},{"start":{"line":49,"column":69},"end":{"line":49,"column":73}}],"line":49}},"s":{"0":1},"f":{"0":1},"b":{"0":[1,0],"1":[1,0],"2":[1,0],"3":[1,0],"4":[1,0],"5":[1,0]},"_coverageSchema":"1a1c01bbd47fc00a2c39e90264f33305004495a9","hash":"8c14483f92ad3963a10b55d0076035411c43c223"}
,"/Users/yashwanth/Downloads/Project/frontend/src/components/ChitGrid.jsx": {"path":"/Users/yashwanth/Downloads/Project/frontend/src/components/ChitGrid.jsx","statementMap":{"0":{"start":{"line":9,"column":50},"end":{"line":9,"column":65}},"1":{"start":{"line":10,"column":40},"end":{"line":10,"column":54}},"2":{"start":{"line":11,"column":40},"end":{"line":11,"column":185}},"3":{"start":{"line":12,"column":32},"end":{"line":12,"column":47}},"4":{"start":{"line":13,"column":32},"end":{"line":13,"column":44}},"5":{"start":{"line":15,"column":2},"end":{"line":17,"column":3}},"6":{"start":{"line":16,"column":4},"end":{"line":16,"column":84}},"7":{"start":{"line":20,"column":4},"end":{"line":20,"column":25}},"8":{"start":{"line":21,"column":4},"end":{"line":21,"column":30}},"9":{"start":{"line":22,"column":4},"end":{"line":22,"column":156}},"10":{"start":{"line":23,"column":4},"end":{"line":23,"column":19}},"11":{"start":{"line":27,"column":4},"end":{"line":27,"column":23}},"12":{"start":{"line":28,"column":4},"end":{"line":28,"column":21}},"13":{"start":{"line":29,"column":4},"end":{"line":29,"column":19}},"14":{"start":{"line":30,"column":4},"end":{"line":44,"column":5}},"15":{"start":{"line":31,"column":18},"end":{"line":35,"column":8}},"16":{"start":{"line":34,"column":108},"end":{"line":34,"column":116}},"17":{"start":{"line":36,"column":19},"end":{"line":36,"column":35}},"18":{"start":{"line":37,"column":6},"end":{"line":37,"column":74}},"19":{"start":{"line":37,"column":19},"end":{"line":37,"column":74}},"20":{"start":{"line":38,"column":6},"end":{"line":38,"column":48}},"21":{"start":{"line":39,"column":6},"end":{"line":39,"column":33}},"22":{"start":{"line":41,"column":6},"end":{"line":41,"column":30}},"23":{"start":{"line":43,"column":6},"end":{"line":43,"column":24}},"24":{"start":{"line":47,"column":2},"end":{"line":110,"column":4}},"25":{"start":{"line":54,"column":10},"end":{"line":70,"column":16}},"26":{"start":{"line":58,"column":29},"end":{"line":58,"column":63}},"27":{"start":{"line":64,"column":32},"end":{"line":64,"column":52}},"28":{"start":{"line":64,"column":53},"end":{"line":64,"column":95}},"29":{"start":{"line":74,"column":42},"end":{"line":74,"column":68}},"30":{"start":{"line":79,"column":120},"end":{"line":79,"column":173}},"31":{"start":{"line":79,"column":141},"end":{"line":79,"column":171}},"32":{"start":{"line":82,"column":133},"end":{"line":82,"column":191}},"33":{"start":{"line":82,"column":154},"end":{"line":82,"column":189}},"34":{"start":{"line":85,"column":135},"end":{"line":85,"column":194}},"35":{"start":{"line":85,"column":156},"end":{"line":85,"column":192}},"36":{"start":{"line":88,"column":133},"end":{"line":88,"column":192}},"37":{"start":{"line":88,"column":154},"end":{"line":88,"column":190}},"38":{"start":{"line":91,"column":135},"end":{"line":91,"column":194}},"39":{"start":{"line":91,"column":156},"end":{"line":91,"column":192}},"40":{"start":{"line":94,"column":139},"end":{"line":94,"column":200}},"41":{"start":{"line":94,"column":160},"end":{"line":94,"column":198}},"42":{"start":{"line":97,"column":156},"end":{"line":97,"column":218}},"43":{"start":{"line":97,"column":177},"end":{"line":97,"column":216}},"44":{"start":{"line":100,"column":150},"end":{"line":100,"column":216}},"45":{"start":{"line":100,"column":171},"end":{"line":100,"column":214}},"46":{"start":{"line":103,"column":101},"end":{"line":103,"column":127}}},"fnMap":{"0":{"name":"ChitGrid","decl":{"start":{"line":8,"column":9},"end":{"line":8,"column":17}},"loc":{"start":{"line":8,"column":48},"end":{"line":111,"column":1}},"line":8},"1":{"name":"handleAddSessionClick","decl":{"start":{"line":19,"column":11},"end":{"line":19,"column":32}},"loc":{"start":{"line":19,"column":39},"end":{"line":24,"column":3}},"line":19},"2":{"name":"handleSessionSubmit","decl":{"start":{"line":26,"column":17},"end":{"line":26,"column":36}},"loc":{"start":{"line":26,"column":40},"end":{"line":45,"column":3}},"line":26},"3":{"name":"(anonymous_3)","decl":{"start":{"line":34,"column":103},"end":{"line":34,"column":104}},"loc":{"start":{"line":34,"column":108},"end":{"line":34,"column":116}},"line":34},"4":{"name":"(anonymous_4)","decl":{"start":{"line":53,"column":19},"end":{"line":53,"column":20}},"loc":{"start":{"line":54,"column":10},"end":{"line":70,"column":16}},"line":54},"5":{"name":"(anonymous_5)","decl":{"start":{"line":58,"column":23},"end":{"line":58,"column":24}},"loc":{"start":{"line":58,"column":29},"end":{"line":58,"column":63}},"line":58},"6":{"name":"(anonymous_6)","decl":{"start":{"line":64,"column":25},"end":{"line":64,"column":26}},"loc":{"start":{"line":64,"column":30},"end":{"line":64,"column":97}},"line":64},"7":{"name":"(anonymous_7)","decl":{"start":{"line":74,"column":36},"end":{"line":74,"column":37}},"loc":{"start":{"line":74,"column":42},"end":{"line":74,"column":68}},"line":74},"8":{"name":"(anonymous_8)","decl":{"start":{"line":79,"column":115},"end":{"line":79,"column":116}},"loc":{"start":{"line":79,"column":120},"end":{"line":79,"column":173}},"line":79},"9":{"name":"(anonymous_9)","decl":{"start":{"line":79,"column":135},"end":{"line":79,"column":136}},"loc":{"start":{"line":79,"column":141},"end":{"line":79,"column":171}},"line":79},"10":{"name":"(anonymous_10)","decl":{"start":{"line":82,"column":128},"end":{"line":82,"column":129}},"loc":{"start":{"line":82,"column":133},"end":{"line":82,"column":191}},"line":82},"11":{"name":"(anonymous_11)","decl":{"start":{"line":82,"column":148},"end":{"line":82,"column":149}},"loc":{"start":{"line":82,"column":154},"end":{"line":82,"column":189}},"line":82},"12":{"name":"(anonymous_12)","decl":{"start":{"line":85,"column":130},"end":{"line":85,"column":131}},"loc":{"start":{"line":85,"column":135},"end":{"line":85,"column":194}},"line":85},"13":{"name":"(anonymous_13)","decl":{"start":{"line":85,"column":150},"end":{"line":85,"column":151}},"loc":{"start":{"line":85,"column":156},"end":{"line":85,"column":192}},"line":85},"14":{"name":"(anonymous_14)","decl":{"start":{"line":88,"column":128},"end":{"line":88,"column":129}},"loc":{"start":{"line":88,"column":133},"end":{"line":88,"column":192}},"line":88},"15":{"name":"(anonymous_15)","decl":{"start":{"line":88,"column":148},"end":{"line":88,"column":149}},"loc":{"start":{"line":88,"column":154},"end":{"line":88,"column":190}},"line":88},"16":{"name":"(anonymous_16)","decl":{"start":{"line":91,"column":130},"end":{"line":91,"column":131}},"loc":{"start":{"line":91,"column":135},"end":{"line":91,"column":194}},"line":91},"17":{"name":"(anonymous_17)","decl":{"start":{"line":91,"column":150},"end":{"line":91,"column":151}},"loc":{"start":{"line":91,"column":156},"end":{"line":91,"column":192}},"line":91},"18":{"name":"(anonymous_18)","decl":{"start":{"line":94,"column":134},"end":{"line":94,"column":135}},"loc":{"start":{"line":94,"column":139},"end":{"line":94,"column":200}},"line":94},"19":{"name":"(anonymous_19)","decl":{"start":{"line":94,"column":154},"end":{"line":94,"column":155}},"loc":{"start":{"line":94,"column":160},"end":{"line":94,"column":198}},"line":94},"20":{"name":"(anonymous_20)","decl":{"start":{"line":97,"column":151},"end":{"line":97,"column":152}},"loc":{"start":{"line":97,"column":156},"end":{"line":97,"column":218}},"line":97},"21":{"name":"(anonymous_21)","decl":{"start":{"line":97,"column":171},"end":{"line":97,"column":172}},"loc":{"start":{"line":97,"column":177},"end":{"line":97,"column":216}},"line":97},"22":{"name":"(anonymous_22)","decl":{"start":{"line":100,"column":145},"end":{"line":100,"column":146}},"loc":{"start":{"line":100,"column":150},"end":{"line":100,"column":216}},"line":100},"23":{"name":"(anonymous_23)","decl":{"start":{"line":100,"column":165},"end":{"line":100,"column":166}},"loc":{"start":{"line":100,"column":171},"end":{"line":100,"column":214}},"line":100},"24":{"name":"(anonymous_24)","decl":{"start":{"line":103,"column":95},"end":{"line":103,"column":96}},"loc":{"start":{"line":103,"column":101},"end":{"line":103,"column":127}},"line":103}},"branchMap":{"0":{"loc":{"start":{"line":15,"column":2},"end":{"line":17,"column":3}},"type":"if","locations":[{"start":{"line":15,"column":2},"end":{"line":17,"column":3}},{"start":{},"end":{}}],"line":15},"1":{"loc":{"start":{"line":15,"column":6},"end":{"line":15,"column":34}},"type":"binary-expr","locations":[{"start":{"line":15,"column":6},"end":{"line":15,"column":12}},{"start":{"line":15,"column":16},"end":{"line":15,"column":34}}],"line":15},"2":{"loc":{"start":{"line":37,"column":6},"end":{"line":37,"column":74}},"type":"if","locations":[{"start":{"line":37,"column":6},"end":{"line":37,"column":74}},{"start":{},"end":{}}],"line":37},"3":{"loc":{"start":{"line":37,"column":35},"end":{"line":37,"column":72}},"type":"binary-expr","locations":[{"start":{"line":37,"column":35},"end":{"line":37,"column":45}},{"start":{"line":37,"column":49},"end":{"line":37,"column":72}}],"line":37},"4":{"loc":{"start":{"line":60,"column":13},"end":{"line":69,"column":13}},"type":"binary-expr","locations":[{"start":{"line":60,"column":13},"end":{"line":60,"column":17}},{"start":{"line":60,"column":21},"end":{"line":60,"column":57}},{"start":{"line":61,"column":14},"end":{"line":68,"column":23}}],"line":60},"5":{"loc":{"start":{"line":73,"column":7},"end":{"line":108,"column":7}},"type":"binary-expr","locations":[{"start":{"line":73,"column":7},"end":{"line":73,"column":23}},{"start":{"line":74,"column":8},"end":{"line":107,"column":16}}],"line":73},"6":{"loc":{"start":{"line":102,"column":80},"end":{"line":102,"column":117}},"type":"cond-expr","locations":[{"start":{"line":102,"column":90},"end":{"line":102,"column":101}},{"start":{"line":102,"column":104},"end":{"line":102,"column":117}}],"line":102},"7":{"loc":{"start":{"line":105,"column":13},"end":{"line":105,"column":129}},"type":"binary-expr","locations":[{"start":{"line":105,"column":13},"end":{"line":105,"column":20}},{"start":{"line":105,"column":24},"end":{"line":105,"column":129}}],"line":105},"8":{"loc":{"start":{"line":105,"column":45},"end":{"line":105,"column":96}},"type":"cond-expr","locations":[{"start":{"line":105,"column":75},"end":{"line":105,"column":84}},{"start":{"line":105,"column":87},"end":{"line":105,"column":96}}],"line":105}},"s":{"0":6,"1":6,"2":6,"3":6,"4":6,"5":6,"6":5,"7":0,"8":0,"9":0,"10":0,"11":0,"12":0,"13":0,"14":0,"15":0,"16":0,"17":0,"18":0,"19":0,"20":0,"21":0,"22":0,"23":0,"24":1,"25":1,"26":0,"27":0,"28":0,"29":0,"30":0,"31":0,"32":0,"33":0,"34":0,"35":0,"36":0,"37":0,"38":0,"39":0,"40":0,"41":0,"42":0,"43":0,"44":0,"45":0,"46":0},"f":{"0":6,"1":0,"2":0,"3":0,"4":1,"5":0,"6":0,"7":0,"8":0,"9":0,"10":0,"11":0,"12":0,"13":0,"14":0,"15":0,"16":0,"17":0,"18":0,"19":0,"20":0,"21":0,"22":0,"23":0,"24":0},"b":{"0":[5,1],"1":[6,6],"2":[0,0],"3":[0,0],"4":[1,1,1],"5":[1,0],"6":[0,0],"7":[0,0],"8":[0,0]},"_coverageSchema":"1a1c01bbd47fc00a2c39e90264f33305004495a9","hash":"17213f33db3a4dc1e31a3b6d2e12463ece27aeb5"}
,"/Users/yashwanth/Downloads/Project/frontend/src/components/LoginForm.jsx": {"path":"/Users/yashwanth/Downloads/Project/frontend/src/components/LoginForm.jsx","statementMap":{"0":{"start":{"line":7,"column":26},"end":{"line":7,"column":66}},"1":{"start":{"line":8,"column":40},"end":{"line":8,"column":52}},"2":{"start":{"line":9,"column":22},"end":{"line":9,"column":30}},"3":{"start":{"line":13,"column":4},"end":{"line":13,"column":101}},"4":{"start":{"line":13,"column":52},"end":{"line":13,"column":101}},"5":{"start":{"line":14,"column":4},"end":{"line":14,"column":101}},"6":{"start":{"line":14,"column":52},"end":{"line":14,"column":101}},"7":{"start":{"line":15,"column":4},"end":{"line":15,"column":14}},"8":{"start":{"line":19,"column":4},"end":{"line":19,"column":23}},"9":{"start":{"line":20,"column":16},"end":{"line":20,"column":26}},"10":{"start":{"line":21,"column":4},"end":{"line":21,"column":63}},"11":{"start":{"line":22,"column":4},"end":{"line":27,"column":5}},"12":{"start":{"line":23,"column":6},"end":{"line":23,"column":26}},"13":{"start":{"line":25,"column":6},"end":{"line":25,"column":83}},"14":{"start":{"line":25,"column":54},"end":{"line":25,"column":83}},"15":{"start":{"line":26,"column":6},"end":{"line":26,"column":13}},"16":{"start":{"line":28,"column":4},"end":{"line":28,"column":23}},"17":{"start":{"line":29,"column":4},"end":{"line":29,"column":18}},"18":{"start":{"line":32,"column":2},"end":{"line":94,"column":4}},"19":{"start":{"line":46,"column":27},"end":{"line":46,"column":77}},"20":{"start":{"line":46,"column":41},"end":{"line":46,"column":75}},"21":{"start":{"line":59,"column":27},"end":{"line":59,"column":77}},"22":{"start":{"line":59,"column":41},"end":{"line":59,"column":75}},"23":{"start":{"line":84,"column":10},"end":{"line":84,"column":29}},"24":{"start":{"line":85,"column":10},"end":{"line":90,"column":11}},"25":{"start":{"line":87,"column":12},"end":{"line":89,"column":13}},"26":{"start":{"line":88,"column":14},"end":{"line":88,"column":72}}},"fnMap":{"0":{"name":"LoginForm","decl":{"start":{"line":6,"column":24},"end":{"line":6,"column":33}},"loc":{"start":{"line":6,"column":79},"end":{"line":95,"column":1}},"line":6},"1":{"name":"validate","decl":{"start":{"line":12,"column":11},"end":{"line":12,"column":19}},"loc":{"start":{"line":12,"column":22},"end":{"line":16,"column":3}},"line":12},"2":{"name":"handleSubmit","decl":{"start":{"line":18,"column":11},"end":{"line":18,"column":23}},"loc":{"start":{"line":18,"column":27},"end":{"line":30,"column":3}},"line":18},"3":{"name":"(anonymous_3)","decl":{"start":{"line":46,"column":22},"end":{"line":46,"column":23}},"loc":{"start":{"line":46,"column":27},"end":{"line":46,"column":77}},"line":46},"4":{"name":"(anonymous_4)","decl":{"start":{"line":46,"column":35},"end":{"line":46,"column":36}},"loc":{"start":{"line":46,"column":41},"end":{"line":46,"column":75}},"line":46},"5":{"name":"(anonymous_5)","decl":{"start":{"line":59,"column":22},"end":{"line":59,"column":23}},"loc":{"start":{"line":59,"column":27},"end":{"line":59,"column":77}},"line":59},"6":{"name":"(anonymous_6)","decl":{"start":{"line":59,"column":35},"end":{"line":59,"column":36}},"loc":{"start":{"line":59,"column":41},"end":{"line":59,"column":75}},"line":59},"7":{"name":"(anonymous_7)","decl":{"start":{"line":83,"column":17},"end":{"line":83,"column":18}},"loc":{"start":{"line":83,"column":23},"end":{"line":91,"column":9}},"line":83}},"branchMap":{"0":{"loc":{"start":{"line":13,"column":4},"end":{"line":13,"column":101}},"type":"if","locations":[{"start":{"line":13,"column":4},"end":{"line":13,"column":101}},{"start":{},"end":{}}],"line":13},"1":{"loc":{"start":{"line":13,"column":8},"end":{"line":13,"column":50}},"type":"binary-expr","locations":[{"start":{"line":13,"column":8},"end":{"line":13,"column":22}},{"start":{"line":13,"column":26},"end":{"line":13,"column":50}}],"line":13},"2":{"loc":{"start":{"line":14,"column":4},"end":{"line":14,"column":101}},"type":"if","locations":[{"start":{"line":14,"column":4},"end":{"line":14,"column":101}},{"start":{},"end":{}}],"line":14},"3":{"loc":{"start":{"line":14,"column":8},"end":{"line":14,"column":50}},"type":"binary-expr","locations":[{"start":{"line":14,"column":8},"end":{"line":14,"column":22}},{"start":{"line":14,"column":26},"end":{"line":14,"column":50}}],"line":14},"4":{"loc":{"start":{"line":22,"column":4},"end":{"line":27,"column":5}},"type":"if","locations":[{"start":{"line":22,"column":4},"end":{"line":27,"column":5}},{"start":{},"end":{}}],"line":22},"5":{"loc":{"start":{"line":25,"column":6},"end":{"line":25,"column":83}},"type":"if","locations":[{"start":{"line":25,"column":6},"end":{"line":25,"column":83}},{"start":{},"end":{}}],"line":25},"6":{"loc":{"start":{"line":25,"column":10},"end":{"line":25,"column":52}},"type":"binary-expr","locations":[{"start":{"line":25,"column":10},"end":{"line":25,"column":24}},{"start":{"line":25,"column":28},"end":{"line":25,"column":52}}],"line":25},"7":{"loc":{"start":{"line":35,"column":7},"end":{"line":37,"column":7}},"type":"binary-expr","locations":[{"start":{"line":35,"column":7},"end":{"line":35,"column":38}},{"start":{"line":36,"column":8},"end":{"line":36,"column":93}}],"line":35},"8":{"loc":{"start":{"line":66,"column":11},"end":{"line":66,"column":46}},"type":"cond-expr","locations":[{"start":{"line":66,"column":21},"end":{"line":66,"column":36}},{"start":{"line":66,"column":39},"end":{"line":66,"column":46}}],"line":66},"9":{"loc":{"start":{"line":80,"column":14},"end":{"line":80,"column":38}},"type":"binary-expr","locations":[{"start":{"line":80,"column":14},"end":{"line":80,"column":21}},{"start":{"line":80,"column":25},"end":{"line":80,"column":38}}],"line":80},"10":{"loc":{"start":{"line":81,"column":17},"end":{"line":81,"column":37}},"type":"binary-expr","locations":[{"start":{"line":81,"column":17},"end":{"line":81,"column":28}},{"start":{"line":81,"column":32},"end":{"line":81,"column":37}}],"line":81},"11":{"loc":{"start":{"line":85,"column":10},"end":{"line":90,"column":11}},"type":"if","locations":[{"start":{"line":85,"column":10},"end":{"line":90,"column":11}},{"start":{},"end":{}}],"line":85},"12":{"loc":{"start":{"line":85,"column":14},"end":{"line":85,"column":48}},"type":"binary-expr","locations":[{"start":{"line":85,"column":14},"end":{"line":85,"column":39}},{"start":{"line":85,"column":43},"end":{"line":85,"column":48}}],"line":85},"13":{"loc":{"start":{"line":87,"column":12},"end":{"line":89,"column":13}},"type":"if","locations":[{"start":{"line":87,"column":12},"end":{"line":89,"column":13}},{"start":{},"end":{}}],"line":87},"14":{"loc":{"start":{"line":87,"column":16},"end":{"line":87,"column":69}},"type":"binary-expr","locations":[{"start":{"line":87,"column":16},"end":{"line":87,"column":45}},{"start":{"line":87,"column":49},"end":{"line":87,"column":69}}],"line":87}},"s":{"0":0,"1":0,"2":0,"3":0,"4":0,"5":0,"6":0,"7":0,"8":0,"9":0,"10":0,"11":0,"12":0,"13":0,"14":0,"15":0,"16":0,"17":0,"18":0,"19":0,"20":0,"21":0,"22":0,"23":0,"24":0,"25":0,"26":0},"f":{"0":0,"1":0,"2":0,"3":0,"4":0,"5":0,"6":0,"7":0},"b":{"0":[0,0],"1":[0,0],"2":[0,0],"3":[0,0],"4":[0,0],"5":[0,0],"6":[0,0],"7":[0,0],"8":[0,0],"9":[0,0],"10":[0,0],"11":[0,0],"12":[0,0],"13":[0,0],"14":[0,0]},"_coverageSchema":"1a1c01bbd47fc00a2c39e90264f33305004495a9","hash":"dad44c85c38b56328dda4aa80db07f2cf7e139aa"}
,"/Users/yashwanth/Downloads/Project/frontend/src/components/Popup.jsx": {"path":"/Users/yashwanth/Downloads/Project/frontend/src/components/Popup.jsx","statementMap":{"0":{"start":{"line":6,"column":2},"end":{"line":6,"column":25}},"1":{"start":{"line":6,"column":13},"end":{"line":6,"column":25}},"2":{"start":{"line":7,"column":2},"end":{"line":23,"column":4}},"3":{"start":{"line":12,"column":22},"end":{"line":12,"column":41}}},"fnMap":{"0":{"name":"Popup","decl":{"start":{"line":5,"column":9},"end":{"line":5,"column":14}},"loc":{"start":{"line":5,"column":76},"end":{"line":24,"column":1}},"line":5},"1":{"name":"(anonymous_1)","decl":{"start":{"line":12,"column":17},"end":{"line":12,"column":18}},"loc":{"start":{"line":12,"column":22},"end":{"line":12,"column":41}},"line":12}},"branchMap":{"0":{"loc":{"start":{"line":5,"column":32},"end":{"line":5,"column":45}},"type":"default-arg","locations":[{"start":{"line":5,"column":39},"end":{"line":5,"column":45}}],"line":5},"1":{"loc":{"start":{"line":6,"column":2},"end":{"line":6,"column":25}},"type":"if","locations":[{"start":{"line":6,"column":2},"end":{"line":6,"column":25}},{"start":{},"end":{}}],"line":6},"2":{"loc":{"start":{"line":15,"column":21},"end":{"line":15,"column":100}},"type":"cond-expr","locations":[{"start":{"line":15,"column":40},"end":{"line":15,"column":55}},{"start":{"line":15,"column":58},"end":{"line":15,"column":100}}],"line":15},"3":{"loc":{"start":{"line":15,"column":58},"end":{"line":15,"column":100}},"type":"cond-expr","locations":[{"start":{"line":15,"column":76},"end":{"line":15,"column":89}},{"start":{"line":15,"column":92},"end":{"line":15,"column":100}}],"line":15}},"s":{"0":13,"1":7,"2":6,"3":1},"f":{"0":13,"1":1},"b":{"0":[5],"1":[7,6],"2":[0,6],"3":[5,1]},"_coverageSchema":"1a1c01bbd47fc00a2c39e90264f33305004495a9","hash":"cda9ac727e6b3796bceacfd33bc96a29ca1e6a47"}
,"/Users/yashwanth/Downloads/Project/frontend/src/utils/logToBackend.js": {"path":"/Users/yashwanth/Downloads/Project/frontend/src/utils/logToBackend.js","statementMap":{"0":{"start":{"line":3,"column":16},"end":{"line":3,"column":73}},"1":{"start":{"line":4,"column":14},"end":{"line":4,"column":60}},"2":{"start":{"line":5,"column":18},"end":{"line":5,"column":59}},"3":{"start":{"line":6,"column":16},"end":{"line":6,"column":17}},"4":{"start":{"line":7,"column":2},"end":{"line":49,"column":3}},"5":{"start":{"line":8,"column":4},"end":{"line":48,"column":5}},"6":{"start":{"line":9,"column":6},"end":{"line":15,"column":7}},"7":{"start":{"line":11,"column":8},"end":{"line":11,"column":77}},"8":{"start":{"line":12,"column":8},"end":{"line":12,"column":62}},"9":{"start":{"line":12,"column":37},"end":{"line":12,"column":60}},"10":{"start":{"line":13,"column":8},"end":{"line":13,"column":63}},"11":{"start":{"line":14,"column":8},"end":{"line":14,"column":62}},"12":{"start":{"line":16,"column":18},"end":{"line":24,"column":8}},"13":{"start":{"line":25,"column":6},"end":{"line":25,"column":25}},"14":{"start":{"line":25,"column":18},"end":{"line":25,"column":25}},"15":{"start":{"line":26,"column":19},"end":{"line":26,"column":53}},"16":{"start":{"line":26,"column":49},"end":{"line":26,"column":51}},"17":{"start":{"line":27,"column":6},"end":{"line":32,"column":7}},"18":{"start":{"line":29,"column":8},"end":{"line":29,"column":23}},"19":{"start":{"line":30,"column":8},"end":{"line":30,"column":18}},"20":{"start":{"line":31,"column":8},"end":{"line":31,"column":17}},"21":{"start":{"line":33,"column":6},"end":{"line":33,"column":53}},"22":{"start":{"line":35,"column":6},"end":{"line":46,"column":7}},"23":{"start":{"line":37,"column":8},"end":{"line":44,"column":9}},"24":{"start":{"line":38,"column":23},"end":{"line":38,"column":88}},"25":{"start":{"line":39,"column":10},"end":{"line":39,"column":105}},"26":{"start":{"line":40,"column":10},"end":{"line":40,"column":78}},"27":{"start":{"line":43,"column":10},"end":{"line":43,"column":84}},"28":{"start":{"line":45,"column":8},"end":{"line":45,"column":15}},"29":{"start":{"line":47,"column":6},"end":{"line":47,"column":16}}},"fnMap":{"0":{"name":"logToBackend","decl":{"start":{"line":2,"column":30},"end":{"line":2,"column":42}},"loc":{"start":{"line":2,"column":65},"end":{"line":50,"column":1}},"line":2},"1":{"name":"(anonymous_1)","decl":{"start":{"line":12,"column":26},"end":{"line":12,"column":27}},"loc":{"start":{"line":12,"column":37},"end":{"line":12,"column":60}},"line":12},"2":{"name":"(anonymous_2)","decl":{"start":{"line":26,"column":42},"end":{"line":26,"column":43}},"loc":{"start":{"line":26,"column":49},"end":{"line":26,"column":51}},"line":26}},"branchMap":{"0":{"loc":{"start":{"line":3,"column":17},"end":{"line":3,"column":40}},"type":"binary-expr","locations":[{"start":{"line":3,"column":17},"end":{"line":3,"column":34}},{"start":{"line":3,"column":38},"end":{"line":3,"column":40}}],"line":3},"1":{"loc":{"start":{"line":5,"column":18},"end":{"line":5,"column":59}},"type":"cond-expr","locations":[{"start":{"line":5,"column":26},"end":{"line":5,"column":54}},{"start":{"line":5,"column":57},"end":{"line":5,"column":59}}],"line":5},"2":{"loc":{"start":{"line":9,"column":6},"end":{"line":15,"column":7}},"type":"if","locations":[{"start":{"line":9,"column":6},"end":{"line":15,"column":7}},{"start":{},"end":{}}],"line":9},"3":{"loc":{"start":{"line":14,"column":20},"end":{"line":14,"column":61}},"type":"cond-expr","locations":[{"start":{"line":14,"column":28},"end":{"line":14,"column":56}},{"start":{"line":14,"column":59},"end":{"line":14,"column":61}}],"line":14},"4":{"loc":{"start":{"line":25,"column":6},"end":{"line":25,"column":25}},"type":"if","locations":[{"start":{"line":25,"column":6},"end":{"line":25,"column":25}},{"start":{},"end":{}}],"line":25},"5":{"loc":{"start":{"line":27,"column":6},"end":{"line":32,"column":7}},"type":"if","locations":[{"start":{"line":27,"column":6},"end":{"line":32,"column":7}},{"start":{},"end":{}}],"line":27},"6":{"loc":{"start":{"line":27,"column":10},"end":{"line":27,"column":95}},"type":"binary-expr","locations":[{"start":{"line":27,"column":10},"end":{"line":27,"column":28}},{"start":{"line":27,"column":32},"end":{"line":27,"column":42}},{"start":{"line":27,"column":46},"end":{"line":27,"column":95}}],"line":27},"7":{"loc":{"start":{"line":33,"column":22},"end":{"line":33,"column":51}},"type":"binary-expr","locations":[{"start":{"line":33,"column":22},"end":{"line":33,"column":32}},{"start":{"line":33,"column":36},"end":{"line":33,"column":51}}],"line":33},"8":{"loc":{"start":{"line":35,"column":6},"end":{"line":46,"column":7}},"type":"if","locations":[{"start":{"line":35,"column":6},"end":{"line":46,"column":7}},{"start":{},"end":{}}],"line":35},"9":{"loc":{"start":{"line":38,"column":34},"end":{"line":38,"column":87}},"type":"binary-expr","locations":[{"start":{"line":38,"column":34},"end":{"line":38,"column":79}},{"start":{"line":38,"column":83},"end":{"line":38,"column":87}}],"line":38}},"s":{"0":2,"1":2,"2":2,"3":2,"4":2,"5":2,"6":2,"7":2,"8":2,"9":2,"10":2,"11":2,"12":2,"13":2,"14":2,"15":0,"16":0,"17":0,"18":0,"19":0,"20":0,"21":0,"22":0,"23":0,"24":0,"25":0,"26":0,"27":0,"28":0,"29":0},"f":{"0":2,"1":2,"2":0},"b":{"0":[2,0],"1":[0,2],"2":[2,0],"3":[0,2],"4":[2,0],"5":[0,0],"6":[0,0,0],"7":[0,0],"8":[0,0],"9":[0,0]},"_coverageSchema":"1a1c01bbd47fc00a2c39e90264f33305004495a9","hash":"c9b5e95d57cd55c3024b9089c2af7a6190943458"}
}
