TN:
SF:src/App.jsx
FN:4,(anonymous_0)
FN:7,(anonymous_1)
FN:8,(anonymous_2)
FN:9,(anonymous_3)
FN:10,(anonymous_4)
FN:15,(anonymous_5)
FN:19,(anonymous_6)
FN:23,(anonymous_7)
FN:26,(anonymous_8)
FN:30,(anonymous_9)
FN:42,App
FN:44,(anonymous_11)
FN:45,clearAuthError
FN:49,(anonymous_13)
FN:57,(anonymous_14)
FN:64,(anonymous_15)
FN:76,(anonymous_16)
FN:78,(anonymous_17)
FN:79,(anonymous_18)
FN:83,(anonymous_19)
FN:91,(anonymous_20)
FN:93,(anonymous_21)
FN:96,(anonymous_22)
FN:104,(anonymous_23)
FN:124,(anonymous_24)
FN:127,fetchChits
FN:150,(anonymous_26)
FN:165,(anonymous_27)
FN:170,(anonymous_28)
FN:176,(anonymous_29)
FN:190,(anonymous_30)
FN:222,(anonymous_31)
FN:230,(anonymous_32)
FN:263,(anonymous_33)
FN:274,(anonymous_34)
FN:290,(anonymous_35)
FN:293,(anonymous_36)
FN:299,(anonymous_37)
FN:303,(anonymous_38)
FN:306,(anonymous_39)
FN:344,(anonymous_40)
FN:362,(anonymous_41)
FN:362,(anonymous_42)
FN:373,(anonymous_43)
FN:373,(anonymous_44)
FN:385,(anonymous_45)
FN:385,(anonymous_46)
FN:397,(anonymous_47)
FN:409,(anonymous_48)
FN:412,(anonymous_49)
FN:428,(anonymous_50)
FN:452,(anonymous_51)
FN:492,FrontendHealthCheck
FN:494,(anonymous_53)
FN:497,(anonymous_54)
FN:498,(anonymous_55)
FN:499,(anonymous_56)
FN:502,(anonymous_57)
FNF:58
FNH:31
FNDA:0,(anonymous_0)
FNDA:1,(anonymous_1)
FNDA:0,(anonymous_2)
FNDA:1,(anonymous_3)
FNDA:0,(anonymous_4)
FNDA:0,(anonymous_5)
FNDA:1,(anonymous_6)
FNDA:0,(anonymous_7)
FNDA:0,(anonymous_8)
FNDA:8,(anonymous_9)
FNDA:9,App
FNDA:1,(anonymous_11)
FNDA:0,clearAuthError
FNDA:1,(anonymous_13)
FNDA:2,(anonymous_14)
FNDA:2,(anonymous_15)
FNDA:1,(anonymous_16)
FNDA:1,(anonymous_17)
FNDA:1,(anonymous_18)
FNDA:0,(anonymous_19)
FNDA:2,(anonymous_20)
FNDA:0,(anonymous_21)
FNDA:0,(anonymous_22)
FNDA:1,(anonymous_23)
FNDA:2,(anonymous_24)
FNDA:2,fetchChits
FNDA:0,(anonymous_26)
FNDA:0,(anonymous_27)
FNDA:2,(anonymous_28)
FNDA:0,(anonymous_29)
FNDA:0,(anonymous_30)
FNDA:0,(anonymous_31)
FNDA:0,(anonymous_32)
FNDA:0,(anonymous_33)
FNDA:0,(anonymous_34)
FNDA:1,(anonymous_35)
FNDA:0,(anonymous_36)
FNDA:0,(anonymous_37)
FNDA:0,(anonymous_38)
FNDA:1,(anonymous_39)
FNDA:1,(anonymous_40)
FNDA:1,(anonymous_41)
FNDA:1,(anonymous_42)
FNDA:1,(anonymous_43)
FNDA:1,(anonymous_44)
FNDA:1,(anonymous_45)
FNDA:1,(anonymous_46)
FNDA:0,(anonymous_47)
FNDA:0,(anonymous_48)
FNDA:0,(anonymous_49)
FNDA:0,(anonymous_50)
FNDA:0,(anonymous_51)
FNDA:8,FrontendHealthCheck
FNDA:1,(anonymous_53)
FNDA:1,(anonymous_54)
FNDA:1,(anonymous_55)
FNDA:0,(anonymous_56)
FNDA:1,(anonymous_57)
DA:4,1
DA:7,1
DA:8,1
DA:9,1
DA:10,1
DA:14,1
DA:15,1
DA:20,1
DA:21,1
DA:24,0
DA:31,8
DA:32,0
DA:34,8
DA:44,9
DA:46,0
DA:48,1
DA:49,1
DA:52,9
DA:53,9
DA:54,9
DA:55,9
DA:57,9
DA:58,2
DA:60,2
DA:61,2
DA:62,2
DA:64,2
DA:66,2
DA:67,2
DA:68,2
DA:69,2
DA:71,0
DA:72,0
DA:76,9
DA:77,1
DA:78,1
DA:80,1
DA:81,1
DA:84,0
DA:85,0
DA:87,1
DA:91,9
DA:92,2
DA:93,1
DA:94,1
DA:95,1
DA:96,1
DA:97,0
DA:98,0
DA:99,0
DA:100,0
DA:101,0
DA:104,1
DA:105,1
DA:106,1
DA:107,1
DA:110,9
DA:111,9
DA:112,9
DA:113,9
DA:114,9
DA:115,9
DA:116,9
DA:117,9
DA:118,9
DA:119,9
DA:121,9
DA:124,9
DA:125,2
DA:126,2
DA:128,2
DA:129,1
DA:130,1
DA:141,1
DA:143,0
DA:144,0
DA:145,0
DA:146,0
DA:148,1
DA:150,1
DA:151,0
DA:152,0
DA:153,0
DA:154,0
DA:156,1
DA:158,0
DA:159,0
DA:160,0
DA:161,0
DA:165,1
DA:169,2
DA:170,2
DA:171,2
DA:176,9
DA:177,0
DA:178,0
DA:179,0
DA:180,0
DA:181,0
DA:185,9
DA:186,9
DA:187,1
DA:191,0
DA:192,0
DA:193,0
DA:194,0
DA:195,0
DA:204,0
DA:205,0
DA:206,0
DA:207,0
DA:210,0
DA:211,0
DA:212,0
DA:213,0
DA:215,0
DA:217,0
DA:222,0
DA:226,8
DA:227,0
DA:231,0
DA:232,0
DA:233,0
DA:234,0
DA:235,0
DA:236,0
DA:238,0
DA:239,0
DA:240,0
DA:249,0
DA:250,0
DA:252,0
DA:253,0
DA:254,0
DA:256,0
DA:258,0
DA:263,0
DA:267,8
DA:269,8
DA:270,0
DA:274,0
DA:279,8
DA:290,1
DA:293,0
DA:299,0
DA:303,0
DA:307,1
DA:308,1
DA:309,1
DA:310,1
DA:311,1
DA:312,1
DA:325,1
DA:326,1
DA:327,1
DA:328,1
DA:329,1
DA:331,1
DA:332,1
DA:342,1
DA:343,1
DA:344,1
DA:345,1
DA:347,0
DA:348,0
DA:351,0
DA:353,1
DA:362,1
DA:373,1
DA:385,1
DA:397,0
DA:409,0
DA:413,0
DA:415,0
DA:416,0
DA:426,0
DA:427,0
DA:428,0
DA:429,0
DA:431,0
DA:432,0
DA:444,9
DA:453,0
DA:454,0
DA:493,8
DA:494,8
DA:495,1
DA:496,1
DA:497,1
DA:498,1
DA:500,0
DA:502,1
DA:503,1
DA:506,8
LF:194
LH:109
BRDA:31,0,0,0
BRDA:31,0,1,8
BRDA:61,1,0,0
BRDA:61,1,1,2
BRDA:67,2,0,0
BRDA:67,2,1,2
BRDA:78,3,0,1
BRDA:78,3,1,0
BRDA:92,4,0,1
BRDA:92,4,1,1
BRDA:97,5,0,0
BRDA:97,5,1,0
BRDA:128,6,0,1
BRDA:128,6,1,1
BRDA:128,7,0,2
BRDA:128,7,1,1
BRDA:141,8,0,0
BRDA:141,8,1,1
BRDA:150,9,0,0
BRDA:150,9,1,1
BRDA:150,10,0,1
BRDA:150,10,1,1
BRDA:150,11,0,0
BRDA:150,11,1,0
BRDA:158,12,0,0
BRDA:158,12,1,0
BRDA:165,13,0,0
BRDA:165,13,1,0
BRDA:186,14,0,1
BRDA:186,14,1,8
BRDA:186,15,0,9
BRDA:186,15,1,1
BRDA:205,16,0,0
BRDA:205,16,1,0
BRDA:206,17,0,0
BRDA:206,17,1,0
BRDA:226,18,0,0
BRDA:226,18,1,8
BRDA:226,19,0,8
BRDA:226,19,1,0
BRDA:233,20,0,0
BRDA:233,20,1,0
BRDA:250,21,0,0
BRDA:250,21,1,0
BRDA:250,22,0,0
BRDA:250,22,1,0
BRDA:267,23,0,8
BRDA:267,23,1,0
BRDA:267,24,0,8
BRDA:267,24,1,8
BRDA:269,25,0,0
BRDA:269,25,1,8
BRDA:269,26,0,8
BRDA:269,26,1,0
BRDA:273,27,0,0
BRDA:273,27,1,0
BRDA:302,28,0,8
BRDA:302,28,1,5
BRDA:326,29,0,0
BRDA:326,29,1,1
BRDA:326,30,0,1
BRDA:326,30,1,1
BRDA:326,31,0,0
BRDA:326,31,1,0
BRDA:342,32,0,0
BRDA:342,32,1,1
BRDA:344,33,0,0
BRDA:344,33,1,1
BRDA:344,34,0,1
BRDA:344,34,1,1
BRDA:344,35,0,1
BRDA:344,35,1,1
BRDA:392,36,0,5
BRDA:392,36,1,2
BRDA:392,37,0,5
BRDA:392,37,1,3
BRDA:395,38,0,1
BRDA:395,38,1,4
BRDA:405,39,0,8
BRDA:405,39,1,0
BRDA:426,40,0,0
BRDA:426,40,1,0
BRDA:428,41,0,0
BRDA:428,41,1,0
BRDA:428,42,0,0
BRDA:428,42,1,0
BRDA:428,43,0,0
BRDA:428,43,1,0
BRDA:449,44,0,9
BRDA:449,44,1,8
BRDA:450,45,0,9
BRDA:450,45,1,8
BRDA:451,46,0,1
BRDA:451,46,1,8
BRDA:451,47,0,9
BRDA:451,47,1,1
BRDA:458,48,0,9
BRDA:458,48,1,8
BRDA:458,48,2,8
BRDA:497,49,0,1
BRDA:497,49,1,0
BRDA:498,50,0,0
BRDA:498,50,1,1
BRDA:500,51,0,0
BRDA:500,51,1,0
BRDA:507,52,0,0
BRDA:507,52,1,8
BRDA:508,53,0,0
BRDA:508,53,1,8
BRDA:508,54,0,1
BRDA:508,54,1,7
BRF:111
BRH:60
end_of_record
TN:
SF:src/components/ChitCard.jsx
FN:6,ChitCard
FNF:1
FNH:1
FNDA:1,ChitCard
DA:7,1
LF:1
LH:1
BRDA:32,0,0,1
BRDA:32,0,1,0
BRDA:44,1,0,1
BRDA:44,1,1,0
BRDA:45,2,0,1
BRDA:45,2,1,0
BRDA:47,3,0,1
BRDA:47,3,1,0
BRDA:48,4,0,1
BRDA:48,4,1,0
BRDA:49,5,0,1
BRDA:49,5,1,0
BRF:12
BRH:6
end_of_record
TN:
SF:src/components/ChitGrid.jsx
FN:8,ChitGrid
FN:19,handleAddSessionClick
FN:26,handleSessionSubmit
FN:34,(anonymous_3)
FN:53,(anonymous_4)
FN:58,(anonymous_5)
FN:64,(anonymous_6)
FN:74,(anonymous_7)
FN:79,(anonymous_8)
FN:79,(anonymous_9)
FN:82,(anonymous_10)
FN:82,(anonymous_11)
FN:85,(anonymous_12)
FN:85,(anonymous_13)
FN:88,(anonymous_14)
FN:88,(anonymous_15)
FN:91,(anonymous_16)
FN:91,(anonymous_17)
FN:94,(anonymous_18)
FN:94,(anonymous_19)
FN:97,(anonymous_20)
FN:97,(anonymous_21)
FN:100,(anonymous_22)
FN:100,(anonymous_23)
FN:103,(anonymous_24)
FNF:25
FNH:2
FNDA:6,ChitGrid
FNDA:0,handleAddSessionClick
FNDA:0,handleSessionSubmit
FNDA:0,(anonymous_3)
FNDA:1,(anonymous_4)
FNDA:0,(anonymous_5)
FNDA:0,(anonymous_6)
FNDA:0,(anonymous_7)
FNDA:0,(anonymous_8)
FNDA:0,(anonymous_9)
FNDA:0,(anonymous_10)
FNDA:0,(anonymous_11)
FNDA:0,(anonymous_12)
FNDA:0,(anonymous_13)
FNDA:0,(anonymous_14)
FNDA:0,(anonymous_15)
FNDA:0,(anonymous_16)
FNDA:0,(anonymous_17)
FNDA:0,(anonymous_18)
FNDA:0,(anonymous_19)
FNDA:0,(anonymous_20)
FNDA:0,(anonymous_21)
FNDA:0,(anonymous_22)
FNDA:0,(anonymous_23)
FNDA:0,(anonymous_24)
DA:9,6
DA:10,6
DA:11,6
DA:12,6
DA:13,6
DA:15,6
DA:16,5
DA:20,0
DA:21,0
DA:22,0
DA:23,0
DA:27,0
DA:28,0
DA:29,0
DA:30,0
DA:31,0
DA:34,0
DA:36,0
DA:37,0
DA:38,0
DA:39,0
DA:41,0
DA:43,0
DA:47,1
DA:54,1
DA:58,0
DA:64,0
DA:74,0
DA:79,0
DA:82,0
DA:85,0
DA:88,0
DA:91,0
DA:94,0
DA:97,0
DA:100,0
DA:103,0
LF:37
LH:9
BRDA:15,0,0,5
BRDA:15,0,1,1
BRDA:15,1,0,6
BRDA:15,1,1,6
BRDA:37,2,0,0
BRDA:37,2,1,0
BRDA:37,3,0,0
BRDA:37,3,1,0
BRDA:60,4,0,1
BRDA:60,4,1,1
BRDA:60,4,2,1
BRDA:73,5,0,1
BRDA:73,5,1,0
BRDA:102,6,0,0
BRDA:102,6,1,0
BRDA:105,7,0,0
BRDA:105,7,1,0
BRDA:105,8,0,0
BRDA:105,8,1,0
BRF:19
BRH:8
end_of_record
TN:
SF:src/components/LoginForm.jsx
FN:6,LoginForm
FN:12,validate
FN:18,handleSubmit
FN:46,(anonymous_3)
FN:46,(anonymous_4)
FN:59,(anonymous_5)
FN:59,(anonymous_6)
FN:83,(anonymous_7)
FNF:8
FNH:0
FNDA:0,LoginForm
FNDA:0,validate
FNDA:0,handleSubmit
FNDA:0,(anonymous_3)
FNDA:0,(anonymous_4)
FNDA:0,(anonymous_5)
FNDA:0,(anonymous_6)
FNDA:0,(anonymous_7)
DA:7,0
DA:8,0
DA:9,0
DA:13,0
DA:14,0
DA:15,0
DA:19,0
DA:20,0
DA:21,0
DA:22,0
DA:23,0
DA:25,0
DA:26,0
DA:28,0
DA:29,0
DA:32,0
DA:46,0
DA:59,0
DA:84,0
DA:85,0
DA:87,0
DA:88,0
LF:22
LH:0
BRDA:13,0,0,0
BRDA:13,0,1,0
BRDA:13,1,0,0
BRDA:13,1,1,0
BRDA:14,2,0,0
BRDA:14,2,1,0
BRDA:14,3,0,0
BRDA:14,3,1,0
BRDA:22,4,0,0
BRDA:22,4,1,0
BRDA:25,5,0,0
BRDA:25,5,1,0
BRDA:25,6,0,0
BRDA:25,6,1,0
BRDA:35,7,0,0
BRDA:35,7,1,0
BRDA:66,8,0,0
BRDA:66,8,1,0
BRDA:80,9,0,0
BRDA:80,9,1,0
BRDA:81,10,0,0
BRDA:81,10,1,0
BRDA:85,11,0,0
BRDA:85,11,1,0
BRDA:85,12,0,0
BRDA:85,12,1,0
BRDA:87,13,0,0
BRDA:87,13,1,0
BRDA:87,14,0,0
BRDA:87,14,1,0
BRF:30
BRH:0
end_of_record
TN:
SF:src/components/Popup.jsx
FN:5,Popup
FN:12,(anonymous_1)
FNF:2
FNH:2
FNDA:13,Popup
FNDA:1,(anonymous_1)
DA:6,13
DA:7,6
DA:12,1
LF:3
LH:3
BRDA:5,0,0,5
BRDA:6,1,0,7
BRDA:6,1,1,6
BRDA:15,2,0,0
BRDA:15,2,1,6
BRDA:15,3,0,5
BRDA:15,3,1,1
BRF:7
BRH:6
end_of_record
TN:
SF:src/utils/logToBackend.js
FN:2,logToBackend
FN:12,(anonymous_1)
FN:26,(anonymous_2)
FNF:3
FNH:2
FNDA:2,logToBackend
FNDA:2,(anonymous_1)
FNDA:0,(anonymous_2)
DA:3,2
DA:4,2
DA:5,2
DA:6,2
DA:7,2
DA:8,2
DA:9,2
DA:11,2
DA:12,2
DA:13,2
DA:14,2
DA:16,2
DA:25,2
DA:26,0
DA:27,0
DA:29,0
DA:30,0
DA:31,0
DA:33,0
DA:35,0
DA:37,0
DA:38,0
DA:39,0
DA:40,0
DA:43,0
DA:45,0
DA:47,0
LF:27
LH:13
BRDA:3,0,0,2
BRDA:3,0,1,0
BRDA:5,1,0,0
BRDA:5,1,1,2
BRDA:9,2,0,2
BRDA:9,2,1,0
BRDA:14,3,0,0
BRDA:14,3,1,2
BRDA:25,4,0,2
BRDA:25,4,1,0
BRDA:27,5,0,0
BRDA:27,5,1,0
BRDA:27,6,0,0
BRDA:27,6,1,0
BRDA:27,6,2,0
BRDA:33,7,0,0
BRDA:33,7,1,0
BRDA:35,8,0,0
BRDA:35,8,1,0
BRDA:38,9,0,0
BRDA:38,9,1,0
BRF:21
BRH:5
end_of_record
