{"/Users/yashwanth/Downloads/Project/backend/src/app.js": {"path":"/Users/yashwanth/Downloads/Project/backend/src/app.js","statementMap":{"0":{"start":{"line":4,"column":19},"end":{"line":4,"column":41}},"1":{"start":{"line":5,"column":16},"end":{"line":5,"column":34}},"2":{"start":{"line":6,"column":13},"end":{"line":6,"column":28}},"3":{"start":{"line":8,"column":21},"end":{"line":8,"column":57}},"4":{"start":{"line":9,"column":19},"end":{"line":9,"column":43}},"5":{"start":{"line":10,"column":20},"end":{"line":10,"column":46}},"6":{"start":{"line":11,"column":17},"end":{"line":11,"column":40}},"7":{"start":{"line":12,"column":23},"end":{"line":12,"column":52}},"8":{"start":{"line":14,"column":12},"end":{"line":14,"column":21}},"9":{"start":{"line":15,"column":0},"end":{"line":15,"column":27}},"10":{"start":{"line":17,"column":0},"end":{"line":17,"column":101}},"11":{"start":{"line":20,"column":0},"end":{"line":20,"column":37}},"12":{"start":{"line":21,"column":0},"end":{"line":21,"column":34}},"13":{"start":{"line":22,"column":0},"end":{"line":22,"column":30}},"14":{"start":{"line":23,"column":0},"end":{"line":23,"column":36}},"15":{"start":{"line":27,"column":0},"end":{"line":27,"column":22}},"16":{"start":{"line":29,"column":0},"end":{"line":29,"column":21}}},"fnMap":{},"branchMap":{},"s":{"0":1,"1":1,"2":1,"3":1,"4":1,"5":1,"6":1,"7":1,"8":1,"9":1,"10":1,"11":1,"12":1,"13":1,"14":1,"15":1,"16":1},"f":{},"b":{},"_coverageSchema":"1a1c01bbd47fc00a2c39e90264f33305004495a9","hash":"e7c443875f0343cd1de657e06d619177196d4e07"}
,"/Users/yashwanth/Downloads/Project/backend/src/controllers/userController.js": {"path":"/Users/yashwanth/Downloads/Project/backend/src/controllers/userController.js","statementMap":{"0":{"start":{"line":2,"column":15},"end":{"line":2,"column":34}},"1":{"start":{"line":3,"column":13},"end":{"line":3,"column":38}},"2":{"start":{"line":4,"column":13},"end":{"line":4,"column":37}},"3":{"start":{"line":5,"column":18},"end":{"line":5,"column":47}},"4":{"start":{"line":7,"column":0},"end":{"line":68,"column":2}},"5":{"start":{"line":9,"column":25},"end":{"line":9,"column":34}},"6":{"start":{"line":10,"column":4},"end":{"line":10,"column":93}},"7":{"start":{"line":11,"column":4},"end":{"line":11,"column":96}},"8":{"start":{"line":11,"column":19},"end":{"line":11,"column":96}},"9":{"start":{"line":12,"column":4},"end":{"line":19,"column":5}},"10":{"start":{"line":13,"column":19},"end":{"line":13,"column":62}},"11":{"start":{"line":14,"column":6},"end":{"line":14,"column":95}},"12":{"start":{"line":15,"column":6},"end":{"line":15,"column":44}},"13":{"start":{"line":17,"column":6},"end":{"line":17,"column":95}},"14":{"start":{"line":18,"column":6},"end":{"line":18,"column":23}},"15":{"start":{"line":22,"column":64},"end":{"line":22,"column":72}},"16":{"start":{"line":23,"column":23},"end":{"line":23,"column":29}},"17":{"start":{"line":24,"column":4},"end":{"line":24,"column":117}},"18":{"start":{"line":25,"column":4},"end":{"line":25,"column":107}},"19":{"start":{"line":25,"column":32},"end":{"line":25,"column":107}},"20":{"start":{"line":26,"column":4},"end":{"line":42,"column":5}},"21":{"start":{"line":27,"column":19},"end":{"line":27,"column":50}},"22":{"start":{"line":28,"column":26},"end":{"line":28,"column":88}},"23":{"start":{"line":29,"column":19},"end":{"line":36,"column":8}},"24":{"start":{"line":37,"column":6},"end":{"line":37,"column":73}},"25":{"start":{"line":38,"column":6},"end":{"line":38,"column":117}},"26":{"start":{"line":40,"column":6},"end":{"line":40,"column":90}},"27":{"start":{"line":41,"column":6},"end":{"line":41,"column":23}},"28":{"start":{"line":45,"column":35},"end":{"line":45,"column":43}},"29":{"start":{"line":46,"column":23},"end":{"line":46,"column":29}},"30":{"start":{"line":47,"column":4},"end":{"line":47,"column":85}},"31":{"start":{"line":48,"column":4},"end":{"line":50,"column":5}},"32":{"start":{"line":49,"column":6},"end":{"line":49,"column":95}},"33":{"start":{"line":51,"column":4},"end":{"line":66,"column":5}},"34":{"start":{"line":52,"column":19},"end":{"line":52,"column":62}},"35":{"start":{"line":53,"column":6},"end":{"line":55,"column":7}},"36":{"start":{"line":54,"column":8},"end":{"line":54,"column":83}},"37":{"start":{"line":56,"column":20},"end":{"line":56,"column":65}},"38":{"start":{"line":57,"column":6},"end":{"line":59,"column":7}},"39":{"start":{"line":58,"column":8},"end":{"line":58,"column":87}},"40":{"start":{"line":60,"column":6},"end":{"line":60,"column":69}},"41":{"start":{"line":61,"column":6},"end":{"line":61,"column":105}},"42":{"start":{"line":62,"column":6},"end":{"line":62,"column":75}},"43":{"start":{"line":64,"column":6},"end":{"line":64,"column":87}},"44":{"start":{"line":65,"column":6},"end":{"line":65,"column":23}}},"fnMap":{"0":{"name":"(anonymous_0)","decl":{"start":{"line":8,"column":2},"end":{"line":8,"column":3}},"loc":{"start":{"line":8,"column":38},"end":{"line":20,"column":3}},"line":8},"1":{"name":"(anonymous_1)","decl":{"start":{"line":21,"column":2},"end":{"line":21,"column":3}},"loc":{"start":{"line":21,"column":33},"end":{"line":43,"column":3}},"line":21},"2":{"name":"(anonymous_2)","decl":{"start":{"line":44,"column":2},"end":{"line":44,"column":3}},"loc":{"start":{"line":44,"column":30},"end":{"line":67,"column":3}},"line":44}},"branchMap":{"0":{"loc":{"start":{"line":11,"column":4},"end":{"line":11,"column":96}},"type":"if","locations":[{"start":{"line":11,"column":4},"end":{"line":11,"column":96}},{"start":{},"end":{}}],"line":11},"1":{"loc":{"start":{"line":17,"column":57},"end":{"line":17,"column":91}},"type":"cond-expr","locations":[{"start":{"line":17,"column":76},"end":{"line":17,"column":85}},{"start":{"line":17,"column":88},"end":{"line":17,"column":91}}],"line":17},"2":{"loc":{"start":{"line":17,"column":57},"end":{"line":17,"column":73}},"type":"binary-expr","locations":[{"start":{"line":17,"column":57},"end":{"line":17,"column":60}},{"start":{"line":17,"column":64},"end":{"line":17,"column":73}}],"line":17},"3":{"loc":{"start":{"line":25,"column":4},"end":{"line":25,"column":107}},"type":"if","locations":[{"start":{"line":25,"column":4},"end":{"line":25,"column":107}},{"start":{},"end":{}}],"line":25},"4":{"loc":{"start":{"line":25,"column":8},"end":{"line":25,"column":30}},"type":"binary-expr","locations":[{"start":{"line":25,"column":8},"end":{"line":25,"column":17}},{"start":{"line":25,"column":21},"end":{"line":25,"column":30}}],"line":25},"5":{"loc":{"start":{"line":28,"column":26},"end":{"line":28,"column":88}},"type":"cond-expr","locations":[{"start":{"line":28,"column":37},"end":{"line":28,"column":81}},{"start":{"line":28,"column":84},"end":{"line":28,"column":88}}],"line":28},"6":{"loc":{"start":{"line":40,"column":52},"end":{"line":40,"column":86}},"type":"cond-expr","locations":[{"start":{"line":40,"column":71},"end":{"line":40,"column":80}},{"start":{"line":40,"column":83},"end":{"line":40,"column":86}}],"line":40},"7":{"loc":{"start":{"line":40,"column":52},"end":{"line":40,"column":68}},"type":"binary-expr","locations":[{"start":{"line":40,"column":52},"end":{"line":40,"column":55}},{"start":{"line":40,"column":59},"end":{"line":40,"column":68}}],"line":40},"8":{"loc":{"start":{"line":48,"column":4},"end":{"line":50,"column":5}},"type":"if","locations":[{"start":{"line":48,"column":4},"end":{"line":50,"column":5}},{"start":{},"end":{}}],"line":48},"9":{"loc":{"start":{"line":48,"column":8},"end":{"line":48,"column":30}},"type":"binary-expr","locations":[{"start":{"line":48,"column":8},"end":{"line":48,"column":17}},{"start":{"line":48,"column":21},"end":{"line":48,"column":30}}],"line":48},"10":{"loc":{"start":{"line":53,"column":6},"end":{"line":55,"column":7}},"type":"if","locations":[{"start":{"line":53,"column":6},"end":{"line":55,"column":7}},{"start":{},"end":{}}],"line":53},"11":{"loc":{"start":{"line":57,"column":6},"end":{"line":59,"column":7}},"type":"if","locations":[{"start":{"line":57,"column":6},"end":{"line":59,"column":7}},{"start":{},"end":{}}],"line":57},"12":{"loc":{"start":{"line":64,"column":49},"end":{"line":64,"column":83}},"type":"cond-expr","locations":[{"start":{"line":64,"column":68},"end":{"line":64,"column":77}},{"start":{"line":64,"column":80},"end":{"line":64,"column":83}}],"line":64},"13":{"loc":{"start":{"line":64,"column":49},"end":{"line":64,"column":65}},"type":"binary-expr","locations":[{"start":{"line":64,"column":49},"end":{"line":64,"column":52}},{"start":{"line":64,"column":56},"end":{"line":64,"column":65}}],"line":64}},"s":{"0":1,"1":1,"2":1,"3":1,"4":1,"5":1,"6":1,"7":1,"8":0,"9":1,"10":1,"11":1,"12":1,"13":0,"14":0,"15":0,"16":0,"17":0,"18":0,"19":0,"20":0,"21":0,"22":0,"23":0,"24":0,"25":0,"26":0,"27":0,"28":0,"29":0,"30":0,"31":0,"32":0,"33":0,"34":0,"35":0,"36":0,"37":0,"38":0,"39":0,"40":0,"41":0,"42":0,"43":0,"44":0},"f":{"0":1,"1":0,"2":0},"b":{"0":[0,1],"1":[0,0],"2":[0,0],"3":[0,0],"4":[0,0],"5":[0,0],"6":[0,0],"7":[0,0],"8":[0,0],"9":[0,0],"10":[0,0],"11":[0,0],"12":[0,0],"13":[0,0]},"_coverageSchema":"1a1c01bbd47fc00a2c39e90264f33305004495a9","hash":"117026c9a53752711b486473df98859ae473042e"}
,"/Users/yashwanth/Downloads/Project/backend/src/db/sequelize.js": {"path":"/Users/yashwanth/Downloads/Project/backend/src/db/sequelize.js","statementMap":{"0":{"start":{"line":3,"column":22},"end":{"line":3,"column":42}},"1":{"start":{"line":6,"column":16},"end":{"line":6,"column":47}},"2":{"start":{"line":7,"column":16},"end":{"line":7,"column":72}},"3":{"start":{"line":8,"column":16},"end":{"line":8,"column":41}},"4":{"start":{"line":9,"column":16},"end":{"line":9,"column":50}},"5":{"start":{"line":10,"column":16},"end":{"line":10,"column":43}},"6":{"start":{"line":12,"column":18},"end":{"line":17,"column":2}},"7":{"start":{"line":19,"column":0},"end":{"line":19,"column":27}}},"fnMap":{},"branchMap":{"0":{"loc":{"start":{"line":6,"column":16},"end":{"line":6,"column":47}},"type":"binary-expr","locations":[{"start":{"line":6,"column":16},"end":{"line":6,"column":33}},{"start":{"line":6,"column":37},"end":{"line":6,"column":47}}],"line":6},"1":{"loc":{"start":{"line":7,"column":16},"end":{"line":7,"column":72}},"type":"binary-expr","locations":[{"start":{"line":7,"column":16},"end":{"line":7,"column":35}},{"start":{"line":7,"column":39},"end":{"line":7,"column":57}},{"start":{"line":7,"column":61},"end":{"line":7,"column":72}}],"line":7},"2":{"loc":{"start":{"line":8,"column":16},"end":{"line":8,"column":41}},"type":"binary-expr","locations":[{"start":{"line":8,"column":16},"end":{"line":8,"column":35}},{"start":{"line":8,"column":39},"end":{"line":8,"column":41}}],"line":8},"3":{"loc":{"start":{"line":9,"column":16},"end":{"line":9,"column":50}},"type":"binary-expr","locations":[{"start":{"line":9,"column":16},"end":{"line":9,"column":35}},{"start":{"line":9,"column":39},"end":{"line":9,"column":50}}],"line":9},"4":{"loc":{"start":{"line":10,"column":16},"end":{"line":10,"column":43}},"type":"binary-expr","locations":[{"start":{"line":10,"column":16},"end":{"line":10,"column":35}},{"start":{"line":10,"column":39},"end":{"line":10,"column":43}}],"line":10}},"s":{"0":1,"1":1,"2":1,"3":1,"4":1,"5":1,"6":1,"7":1},"f":{},"b":{"0":[1,0],"1":[1,1,1],"2":[1,1],"3":[1,1],"4":[1,1]},"_coverageSchema":"1a1c01bbd47fc00a2c39e90264f33305004495a9","hash":"76fd71054852b72153ea5f0e5e4e820b3d5218a3"}
,"/Users/yashwanth/Downloads/Project/backend/src/middleware/errorHandler.js": {"path":"/Users/yashwanth/Downloads/Project/backend/src/middleware/errorHandler.js","statementMap":{"0":{"start":{"line":2,"column":18},"end":{"line":2,"column":47}},"1":{"start":{"line":4,"column":0},"end":{"line":54,"column":2}},"2":{"start":{"line":6,"column":15},"end":{"line":6,"column":44}},"3":{"start":{"line":7,"column":2},"end":{"line":7,"column":55}},"4":{"start":{"line":8,"column":2},"end":{"line":8,"column":58}},"5":{"start":{"line":9,"column":2},"end":{"line":11,"column":3}},"6":{"start":{"line":10,"column":4},"end":{"line":10,"column":60}},"7":{"start":{"line":12,"column":2},"end":{"line":14,"column":3}},"8":{"start":{"line":13,"column":4},"end":{"line":13,"column":62}},"9":{"start":{"line":15,"column":2},"end":{"line":17,"column":3}},"10":{"start":{"line":16,"column":4},"end":{"line":16,"column":66}},"11":{"start":{"line":18,"column":2},"end":{"line":20,"column":3}},"12":{"start":{"line":19,"column":4},"end":{"line":19,"column":52}},"13":{"start":{"line":21,"column":2},"end":{"line":25,"column":3}},"14":{"start":{"line":22,"column":4},"end":{"line":22,"column":44}},"15":{"start":{"line":24,"column":4},"end":{"line":24,"column":32}},"16":{"start":{"line":26,"column":2},"end":{"line":26,"column":40}},"17":{"start":{"line":27,"column":2},"end":{"line":27,"column":20}},"18":{"start":{"line":30,"column":15},"end":{"line":30,"column":25}},"19":{"start":{"line":31,"column":2},"end":{"line":46,"column":3}},"20":{"start":{"line":33,"column":4},"end":{"line":45,"column":5}},"21":{"start":{"line":34,"column":6},"end":{"line":34,"column":19}},"22":{"start":{"line":35,"column":11},"end":{"line":45,"column":5}},"23":{"start":{"line":36,"column":6},"end":{"line":36,"column":19}},"24":{"start":{"line":37,"column":11},"end":{"line":45,"column":5}},"25":{"start":{"line":38,"column":6},"end":{"line":38,"column":19}},"26":{"start":{"line":39,"column":11},"end":{"line":45,"column":5}},"27":{"start":{"line":40,"column":6},"end":{"line":40,"column":19}},"28":{"start":{"line":41,"column":11},"end":{"line":45,"column":5}},"29":{"start":{"line":42,"column":6},"end":{"line":42,"column":19}},"30":{"start":{"line":44,"column":6},"end":{"line":44,"column":19}},"31":{"start":{"line":49,"column":2},"end":{"line":53,"column":5}}},"fnMap":{"0":{"name":"errorHandler","decl":{"start":{"line":4,"column":26},"end":{"line":4,"column":38}},"loc":{"start":{"line":4,"column":54},"end":{"line":54,"column":1}},"line":4}},"branchMap":{"0":{"loc":{"start":{"line":9,"column":2},"end":{"line":11,"column":3}},"type":"if","locations":[{"start":{"line":9,"column":2},"end":{"line":11,"column":3}},{"start":{},"end":{}}],"line":9},"1":{"loc":{"start":{"line":9,"column":6},"end":{"line":9,"column":50}},"type":"binary-expr","locations":[{"start":{"line":9,"column":6},"end":{"line":9,"column":14}},{"start":{"line":9,"column":18},"end":{"line":9,"column":50}}],"line":9},"2":{"loc":{"start":{"line":12,"column":2},"end":{"line":14,"column":3}},"type":"if","locations":[{"start":{"line":12,"column":2},"end":{"line":14,"column":3}},{"start":{},"end":{}}],"line":12},"3":{"loc":{"start":{"line":12,"column":6},"end":{"line":12,"column":52}},"type":"binary-expr","locations":[{"start":{"line":12,"column":6},"end":{"line":12,"column":15}},{"start":{"line":12,"column":19},"end":{"line":12,"column":52}}],"line":12},"4":{"loc":{"start":{"line":15,"column":2},"end":{"line":17,"column":3}},"type":"if","locations":[{"start":{"line":15,"column":2},"end":{"line":17,"column":3}},{"start":{},"end":{}}],"line":15},"5":{"loc":{"start":{"line":15,"column":6},"end":{"line":15,"column":56}},"type":"binary-expr","locations":[{"start":{"line":15,"column":6},"end":{"line":15,"column":17}},{"start":{"line":15,"column":21},"end":{"line":15,"column":56}}],"line":15},"6":{"loc":{"start":{"line":18,"column":2},"end":{"line":20,"column":3}},"type":"if","locations":[{"start":{"line":18,"column":2},"end":{"line":20,"column":3}},{"start":{},"end":{}}],"line":18},"7":{"loc":{"start":{"line":21,"column":2},"end":{"line":25,"column":3}},"type":"if","locations":[{"start":{"line":21,"column":2},"end":{"line":25,"column":3}},{"start":{"line":23,"column":9},"end":{"line":25,"column":3}}],"line":21},"8":{"loc":{"start":{"line":31,"column":2},"end":{"line":46,"column":3}},"type":"if","locations":[{"start":{"line":31,"column":2},"end":{"line":46,"column":3}},{"start":{},"end":{}}],"line":31},"9":{"loc":{"start":{"line":33,"column":4},"end":{"line":45,"column":5}},"type":"if","locations":[{"start":{"line":33,"column":4},"end":{"line":45,"column":5}},{"start":{"line":35,"column":11},"end":{"line":45,"column":5}}],"line":33},"10":{"loc":{"start":{"line":33,"column":8},"end":{"line":33,"column":88}},"type":"binary-expr","locations":[{"start":{"line":33,"column":8},"end":{"line":33,"column":47}},{"start":{"line":33,"column":51},"end":{"line":33,"column":88}}],"line":33},"11":{"loc":{"start":{"line":35,"column":11},"end":{"line":45,"column":5}},"type":"if","locations":[{"start":{"line":35,"column":11},"end":{"line":45,"column":5}},{"start":{"line":37,"column":11},"end":{"line":45,"column":5}}],"line":35},"12":{"loc":{"start":{"line":35,"column":15},"end":{"line":35,"column":102}},"type":"binary-expr","locations":[{"start":{"line":35,"column":15},"end":{"line":35,"column":47}},{"start":{"line":35,"column":51},"end":{"line":35,"column":102}}],"line":35},"13":{"loc":{"start":{"line":37,"column":11},"end":{"line":45,"column":5}},"type":"if","locations":[{"start":{"line":37,"column":11},"end":{"line":45,"column":5}},{"start":{"line":39,"column":11},"end":{"line":45,"column":5}}],"line":37},"14":{"loc":{"start":{"line":39,"column":11},"end":{"line":45,"column":5}},"type":"if","locations":[{"start":{"line":39,"column":11},"end":{"line":45,"column":5}},{"start":{"line":41,"column":11},"end":{"line":45,"column":5}}],"line":39},"15":{"loc":{"start":{"line":41,"column":11},"end":{"line":45,"column":5}},"type":"if","locations":[{"start":{"line":41,"column":11},"end":{"line":45,"column":5}},{"start":{"line":43,"column":11},"end":{"line":45,"column":5}}],"line":41},"16":{"loc":{"start":{"line":51,"column":11},"end":{"line":51,"column":49}},"type":"binary-expr","locations":[{"start":{"line":51,"column":11},"end":{"line":51,"column":22}},{"start":{"line":51,"column":26},"end":{"line":51,"column":49}}],"line":51},"17":{"loc":{"start":{"line":52,"column":13},"end":{"line":52,"column":37}},"type":"binary-expr","locations":[{"start":{"line":52,"column":13},"end":{"line":52,"column":24}},{"start":{"line":52,"column":28},"end":{"line":52,"column":37}}],"line":52}},"s":{"0":1,"1":1,"2":3,"3":3,"4":3,"5":3,"6":0,"7":3,"8":0,"9":3,"10":0,"11":3,"12":0,"13":3,"14":0,"15":3,"16":3,"17":3,"18":3,"19":3,"20":3,"21":0,"22":3,"23":0,"24":3,"25":0,"26":3,"27":0,"28":3,"29":0,"30":3,"31":3},"f":{"0":3},"b":{"0":[0,3],"1":[3,0],"2":[0,3],"3":[3,0],"4":[0,3],"5":[3,0],"6":[0,3],"7":[0,3],"8":[3,0],"9":[0,3],"10":[3,3],"11":[0,3],"12":[3,3],"13":[0,3],"14":[0,3],"15":[0,3],"16":[0,0],"17":[0,0]},"_coverageSchema":"1a1c01bbd47fc00a2c39e90264f33305004495a9","hash":"ee9ea902ba55d18044b557531eb9ce90e2cf66cf"}
,"/Users/yashwanth/Downloads/Project/backend/src/middleware/gateway.js": {"path":"/Users/yashwanth/Downloads/Project/backend/src/middleware/gateway.js","statementMap":{"0":{"start":{"line":2,"column":13},"end":{"line":2,"column":38}},"1":{"start":{"line":4,"column":0},"end":{"line":32,"column":2}},"2":{"start":{"line":6,"column":19},"end":{"line":6,"column":43}},"3":{"start":{"line":7,"column":2},"end":{"line":7,"column":78}},"4":{"start":{"line":7,"column":17},"end":{"line":7,"column":78}},"5":{"start":{"line":10,"column":15},"end":{"line":10,"column":58}},"6":{"start":{"line":11,"column":2},"end":{"line":11,"column":70}},"7":{"start":{"line":11,"column":13},"end":{"line":11,"column":70}},"8":{"start":{"line":14,"column":2},"end":{"line":16,"column":3}},"9":{"start":{"line":15,"column":4},"end":{"line":15,"column":61}},"10":{"start":{"line":19,"column":2},"end":{"line":21,"column":3}},"11":{"start":{"line":20,"column":4},"end":{"line":20,"column":62}},"12":{"start":{"line":24,"column":2},"end":{"line":26,"column":3}},"13":{"start":{"line":25,"column":4},"end":{"line":25,"column":65}},"14":{"start":{"line":30,"column":2},"end":{"line":30,"column":18}},"15":{"start":{"line":31,"column":2},"end":{"line":31,"column":16}}},"fnMap":{"0":{"name":"gateway","decl":{"start":{"line":4,"column":32},"end":{"line":4,"column":39}},"loc":{"start":{"line":4,"column":56},"end":{"line":32,"column":1}},"line":4}},"branchMap":{"0":{"loc":{"start":{"line":7,"column":2},"end":{"line":7,"column":78}},"type":"if","locations":[{"start":{"line":7,"column":2},"end":{"line":7,"column":78}},{"start":{},"end":{}}],"line":7},"1":{"loc":{"start":{"line":11,"column":2},"end":{"line":11,"column":70}},"type":"if","locations":[{"start":{"line":11,"column":2},"end":{"line":11,"column":70}},{"start":{},"end":{}}],"line":11},"2":{"loc":{"start":{"line":14,"column":2},"end":{"line":16,"column":3}},"type":"if","locations":[{"start":{"line":14,"column":2},"end":{"line":16,"column":3}},{"start":{},"end":{}}],"line":14},"3":{"loc":{"start":{"line":19,"column":2},"end":{"line":21,"column":3}},"type":"if","locations":[{"start":{"line":19,"column":2},"end":{"line":21,"column":3}},{"start":{},"end":{}}],"line":19},"4":{"loc":{"start":{"line":24,"column":2},"end":{"line":26,"column":3}},"type":"if","locations":[{"start":{"line":24,"column":2},"end":{"line":26,"column":3}},{"start":{},"end":{}}],"line":24}},"s":{"0":1,"1":1,"2":3,"3":3,"4":0,"5":3,"6":3,"7":3,"8":0,"9":0,"10":0,"11":0,"12":0,"13":0,"14":0,"15":0},"f":{"0":3},"b":{"0":[0,3],"1":[3,0],"2":[0,0],"3":[0,0],"4":[0,0]},"_coverageSchema":"1a1c01bbd47fc00a2c39e90264f33305004495a9","hash":"dd2ebe5fb788fad0a05fd8abe0a46e918d882930"}
,"/Users/yashwanth/Downloads/Project/backend/src/middleware/profilePicUpload.js": {"path":"/Users/yashwanth/Downloads/Project/backend/src/middleware/profilePicUpload.js","statementMap":{"0":{"start":{"line":1,"column":15},"end":{"line":1,"column":32}},"1":{"start":{"line":2,"column":13},"end":{"line":2,"column":28}},"2":{"start":{"line":5,"column":16},"end":{"line":14,"column":2}},"3":{"start":{"line":7,"column":4},"end":{"line":7,"column":65}},"4":{"start":{"line":10,"column":16},"end":{"line":10,"column":47}},"5":{"start":{"line":11,"column":23},"end":{"line":11,"column":79}},"6":{"start":{"line":12,"column":4},"end":{"line":12,"column":25}},"7":{"start":{"line":16,"column":15},"end":{"line":25,"column":2}},"8":{"start":{"line":20,"column":4},"end":{"line":22,"column":5}},"9":{"start":{"line":21,"column":6},"end":{"line":21,"column":60}},"10":{"start":{"line":23,"column":4},"end":{"line":23,"column":26}},"11":{"start":{"line":27,"column":0},"end":{"line":27,"column":24}}},"fnMap":{"0":{"name":"(anonymous_0)","decl":{"start":{"line":6,"column":15},"end":{"line":6,"column":16}},"loc":{"start":{"line":6,"column":40},"end":{"line":8,"column":3}},"line":6},"1":{"name":"(anonymous_1)","decl":{"start":{"line":9,"column":12},"end":{"line":9,"column":13}},"loc":{"start":{"line":9,"column":37},"end":{"line":13,"column":3}},"line":9},"2":{"name":"(anonymous_2)","decl":{"start":{"line":19,"column":14},"end":{"line":19,"column":15}},"loc":{"start":{"line":19,"column":33},"end":{"line":24,"column":3}},"line":19}},"branchMap":{"0":{"loc":{"start":{"line":20,"column":4},"end":{"line":22,"column":5}},"type":"if","locations":[{"start":{"line":20,"column":4},"end":{"line":22,"column":5}},{"start":{},"end":{}}],"line":20}},"s":{"0":1,"1":1,"2":1,"3":0,"4":0,"5":0,"6":0,"7":1,"8":0,"9":0,"10":0,"11":1},"f":{"0":0,"1":0,"2":0},"b":{"0":[0,0]},"_coverageSchema":"1a1c01bbd47fc00a2c39e90264f33305004495a9","hash":"b4a0a9c5dfed8e54c293fd3e6209e3357204686a"}
,"/Users/yashwanth/Downloads/Project/backend/src/middleware/validate.js": {"path":"/Users/yashwanth/Downloads/Project/backend/src/middleware/validate.js","statementMap":{"0":{"start":{"line":3,"column":29},"end":{"line":3,"column":57}},"1":{"start":{"line":5,"column":0},"end":{"line":17,"column":2}},"2":{"start":{"line":6,"column":2},"end":{"line":16,"column":4}},"3":{"start":{"line":9,"column":21},"end":{"line":9,"column":42}},"4":{"start":{"line":10,"column":6},"end":{"line":13,"column":7}},"5":{"start":{"line":12,"column":8},"end":{"line":12,"column":121}},"6":{"start":{"line":12,"column":111},"end":{"line":12,"column":116}},"7":{"start":{"line":14,"column":6},"end":{"line":14,"column":20}}},"fnMap":{"0":{"name":"validate","decl":{"start":{"line":5,"column":26},"end":{"line":5,"column":34}},"loc":{"start":{"line":5,"column":42},"end":{"line":17,"column":1}},"line":5},"1":{"name":"(anonymous_1)","decl":{"start":{"line":8,"column":4},"end":{"line":8,"column":5}},"loc":{"start":{"line":8,"column":24},"end":{"line":15,"column":5}},"line":8},"2":{"name":"(anonymous_2)","decl":{"start":{"line":12,"column":106},"end":{"line":12,"column":107}},"loc":{"start":{"line":12,"column":111},"end":{"line":12,"column":116}},"line":12}},"branchMap":{"0":{"loc":{"start":{"line":10,"column":6},"end":{"line":13,"column":7}},"type":"if","locations":[{"start":{"line":10,"column":6},"end":{"line":13,"column":7}},{"start":{},"end":{}}],"line":10}},"s":{"0":1,"1":1,"2":2,"3":2,"4":2,"5":2,"6":16,"7":0},"f":{"0":2,"1":2,"2":16},"b":{"0":[2,0]},"_coverageSchema":"1a1c01bbd47fc00a2c39e90264f33305004495a9","hash":"d71bec1ef5675e2d6756f52c297fa38d2f3ea21b"}
,"/Users/yashwanth/Downloads/Project/backend/src/models/ChitFund.js": {"path":"/Users/yashwanth/Downloads/Project/backend/src/models/ChitFund.js","statementMap":{"0":{"start":{"line":2,"column":22},"end":{"line":2,"column":42}},"1":{"start":{"line":3,"column":18},"end":{"line":3,"column":44}},"2":{"start":{"line":6,"column":17},"end":{"line":17,"column":2}},"3":{"start":{"line":19,"column":0},"end":{"line":19,"column":26}}},"fnMap":{},"branchMap":{},"s":{"0":1,"1":1,"2":1,"3":1},"f":{},"b":{},"_coverageSchema":"1a1c01bbd47fc00a2c39e90264f33305004495a9","hash":"a1dfa02ac70046c54e5986c70874658100160111"}
,"/Users/yashwanth/Downloads/Project/backend/src/models/Log.js": {"path":"/Users/yashwanth/Downloads/Project/backend/src/models/Log.js","statementMap":{"0":{"start":{"line":2,"column":22},"end":{"line":2,"column":42}},"1":{"start":{"line":3,"column":18},"end":{"line":3,"column":44}},"2":{"start":{"line":5,"column":12},"end":{"line":24,"column":2}},"3":{"start":{"line":26,"column":0},"end":{"line":26,"column":21}}},"fnMap":{},"branchMap":{},"s":{"0":1,"1":1,"2":1,"3":1},"f":{},"b":{},"_coverageSchema":"1a1c01bbd47fc00a2c39e90264f33305004495a9","hash":"2f2a0448056d0a9c02dd4a11a7c33f5e5c95e87d"}
,"/Users/yashwanth/Downloads/Project/backend/src/models/Membership.js": {"path":"/Users/yashwanth/Downloads/Project/backend/src/models/Membership.js","statementMap":{"0":{"start":{"line":2,"column":22},"end":{"line":2,"column":42}},"1":{"start":{"line":3,"column":17},"end":{"line":3,"column":38}},"2":{"start":{"line":4,"column":13},"end":{"line":4,"column":30}},"3":{"start":{"line":5,"column":18},"end":{"line":5,"column":44}},"4":{"start":{"line":8,"column":19},"end":{"line":26,"column":2}},"5":{"start":{"line":28,"column":0},"end":{"line":28,"column":54}},"6":{"start":{"line":29,"column":0},"end":{"line":29,"column":54}},"7":{"start":{"line":30,"column":0},"end":{"line":30,"column":27}},"8":{"start":{"line":31,"column":0},"end":{"line":31,"column":31}},"9":{"start":{"line":33,"column":0},"end":{"line":33,"column":28}}},"fnMap":{},"branchMap":{},"s":{"0":1,"1":1,"2":1,"3":1,"4":1,"5":1,"6":1,"7":1,"8":1,"9":1},"f":{},"b":{},"_coverageSchema":"1a1c01bbd47fc00a2c39e90264f33305004495a9","hash":"2341686b90e3abc85f24379492bfd87211482926"}
,"/Users/yashwanth/Downloads/Project/backend/src/models/User.js": {"path":"/Users/yashwanth/Downloads/Project/backend/src/models/User.js","statementMap":{"0":{"start":{"line":2,"column":22},"end":{"line":2,"column":42}},"1":{"start":{"line":3,"column":18},"end":{"line":3,"column":44}},"2":{"start":{"line":5,"column":13},"end":{"line":17,"column":2}},"3":{"start":{"line":19,"column":0},"end":{"line":19,"column":22}}},"fnMap":{},"branchMap":{},"s":{"0":1,"1":1,"2":1,"3":1},"f":{},"b":{},"_coverageSchema":"1a1c01bbd47fc00a2c39e90264f33305004495a9","hash":"40404efc5478a3b171e44c8b63bd77ba46e7e9c0"}
,"/Users/yashwanth/Downloads/Project/backend/src/routes/chit.js": {"path":"/Users/yashwanth/Downloads/Project/backend/src/routes/chit.js","statementMap":{"0":{"start":{"line":1,"column":16},"end":{"line":1,"column":34}},"1":{"start":{"line":2,"column":15},"end":{"line":2,"column":31}},"2":{"start":{"line":3,"column":16},"end":{"line":3,"column":48}},"3":{"start":{"line":4,"column":17},"end":{"line":4,"column":46}},"4":{"start":{"line":5,"column":12},"end":{"line":5,"column":36}},"5":{"start":{"line":6,"column":19},"end":{"line":6,"column":50}},"6":{"start":{"line":8,"column":13},"end":{"line":8,"column":37}},"7":{"start":{"line":9,"column":18},"end":{"line":9,"column":47}},"8":{"start":{"line":11,"column":0},"end":{"line":23,"column":3}},"9":{"start":{"line":12,"column":22},"end":{"line":16,"column":4}},"10":{"start":{"line":17,"column":2},"end":{"line":22,"column":7}},"11":{"start":{"line":17,"column":40},"end":{"line":22,"column":3}},"12":{"start":{"line":26,"column":0},"end":{"line":35,"column":3}},"13":{"start":{"line":27,"column":21},"end":{"line":27,"column":31}},"14":{"start":{"line":28,"column":15},"end":{"line":28,"column":46}},"15":{"start":{"line":29,"column":2},"end":{"line":29,"column":75}},"16":{"start":{"line":29,"column":13},"end":{"line":29,"column":75}},"17":{"start":{"line":31,"column":19},"end":{"line":31,"column":99}},"18":{"start":{"line":32,"column":2},"end":{"line":32,"column":86}},"19":{"start":{"line":32,"column":16},"end":{"line":32,"column":86}},"20":{"start":{"line":33,"column":2},"end":{"line":33,"column":127}},"21":{"start":{"line":34,"column":2},"end":{"line":34,"column":37}},"22":{"start":{"line":39,"column":0},"end":{"line":100,"column":3}},"23":{"start":{"line":40,"column":45},"end":{"line":40,"column":53}},"24":{"start":{"line":41,"column":21},"end":{"line":41,"column":27}},"25":{"start":{"line":42,"column":2},"end":{"line":99,"column":3}},"26":{"start":{"line":43,"column":4},"end":{"line":60,"column":5}},"27":{"start":{"line":44,"column":6},"end":{"line":49,"column":9}},"28":{"start":{"line":50,"column":6},"end":{"line":59,"column":9}},"29":{"start":{"line":62,"column":17},"end":{"line":62,"column":74}},"30":{"start":{"line":63,"column":4},"end":{"line":63,"column":129}},"31":{"start":{"line":64,"column":23},"end":{"line":70,"column":5}},"32":{"start":{"line":71,"column":4},"end":{"line":71,"column":51}},"33":{"start":{"line":72,"column":4},"end":{"line":72,"column":33}},"34":{"start":{"line":73,"column":4},"end":{"line":77,"column":7}},"35":{"start":{"line":80,"column":21},"end":{"line":80,"column":30}},"36":{"start":{"line":81,"column":4},"end":{"line":83,"column":5}},"37":{"start":{"line":82,"column":6},"end":{"line":82,"column":31}},"38":{"start":{"line":84,"column":20},"end":{"line":90,"column":5}},"39":{"start":{"line":91,"column":4},"end":{"line":91,"column":45}},"40":{"start":{"line":92,"column":4},"end":{"line":92,"column":30}},"41":{"start":{"line":93,"column":4},"end":{"line":98,"column":7}},"42":{"start":{"line":102,"column":0},"end":{"line":102,"column":24}}},"fnMap":{"0":{"name":"(anonymous_0)","decl":{"start":{"line":11,"column":40},"end":{"line":11,"column":41}},"loc":{"start":{"line":11,"column":60},"end":{"line":23,"column":1}},"line":11},"1":{"name":"(anonymous_1)","decl":{"start":{"line":17,"column":34},"end":{"line":17,"column":35}},"loc":{"start":{"line":17,"column":40},"end":{"line":22,"column":3}},"line":17},"2":{"name":"(anonymous_2)","decl":{"start":{"line":26,"column":38},"end":{"line":26,"column":39}},"loc":{"start":{"line":26,"column":58},"end":{"line":35,"column":1}},"line":26},"3":{"name":"(anonymous_3)","decl":{"start":{"line":39,"column":32},"end":{"line":39,"column":33}},"loc":{"start":{"line":39,"column":52},"end":{"line":100,"column":1}},"line":39}},"branchMap":{"0":{"loc":{"start":{"line":29,"column":2},"end":{"line":29,"column":75}},"type":"if","locations":[{"start":{"line":29,"column":2},"end":{"line":29,"column":75}},{"start":{},"end":{}}],"line":29},"1":{"loc":{"start":{"line":32,"column":2},"end":{"line":32,"column":86}},"type":"if","locations":[{"start":{"line":32,"column":2},"end":{"line":32,"column":86}},{"start":{},"end":{}}],"line":32},"2":{"loc":{"start":{"line":43,"column":4},"end":{"line":60,"column":5}},"type":"if","locations":[{"start":{"line":43,"column":4},"end":{"line":60,"column":5}},{"start":{},"end":{}}],"line":43},"3":{"loc":{"start":{"line":43,"column":8},"end":{"line":43,"column":45}},"type":"binary-expr","locations":[{"start":{"line":43,"column":8},"end":{"line":43,"column":13}},{"start":{"line":43,"column":17},"end":{"line":43,"column":31}},{"start":{"line":43,"column":35},"end":{"line":43,"column":45}}],"line":43},"4":{"loc":{"start":{"line":48,"column":16},"end":{"line":48,"column":42}},"type":"binary-expr","locations":[{"start":{"line":48,"column":16},"end":{"line":48,"column":34}},{"start":{"line":48,"column":38},"end":{"line":48,"column":42}}],"line":48},"5":{"loc":{"start":{"line":68,"column":14},"end":{"line":68,"column":40}},"type":"binary-expr","locations":[{"start":{"line":68,"column":14},"end":{"line":68,"column":32}},{"start":{"line":68,"column":36},"end":{"line":68,"column":40}}],"line":68},"6":{"loc":{"start":{"line":81,"column":4},"end":{"line":83,"column":5}},"type":"if","locations":[{"start":{"line":81,"column":4},"end":{"line":83,"column":5}},{"start":{},"end":{}}],"line":81},"7":{"loc":{"start":{"line":81,"column":8},"end":{"line":81,"column":95}},"type":"binary-expr","locations":[{"start":{"line":81,"column":8},"end":{"line":81,"column":16}},{"start":{"line":81,"column":20},"end":{"line":81,"column":31}},{"start":{"line":81,"column":35},"end":{"line":81,"column":66}},{"start":{"line":81,"column":70},"end":{"line":81,"column":95}}],"line":81},"8":{"loc":{"start":{"line":88,"column":14},"end":{"line":88,"column":40}},"type":"binary-expr","locations":[{"start":{"line":88,"column":14},"end":{"line":88,"column":32}},{"start":{"line":88,"column":36},"end":{"line":88,"column":40}}],"line":88},"9":{"loc":{"start":{"line":89,"column":10},"end":{"line":89,"column":42}},"type":"cond-expr","locations":[{"start":{"line":89,"column":23},"end":{"line":89,"column":37}},{"start":{"line":89,"column":40},"end":{"line":89,"column":42}}],"line":89}},"s":{"0":1,"1":1,"2":1,"3":1,"4":1,"5":1,"6":1,"7":1,"8":1,"9":0,"10":0,"11":0,"12":1,"13":0,"14":0,"15":0,"16":0,"17":0,"18":0,"19":0,"20":0,"21":0,"22":1,"23":0,"24":0,"25":0,"26":0,"27":0,"28":0,"29":0,"30":0,"31":0,"32":0,"33":0,"34":0,"35":0,"36":0,"37":0,"38":0,"39":0,"40":0,"41":0,"42":1},"f":{"0":0,"1":0,"2":0,"3":0},"b":{"0":[0,0],"1":[0,0],"2":[0,0],"3":[0,0,0],"4":[0,0],"5":[0,0],"6":[0,0],"7":[0,0,0,0],"8":[0,0],"9":[0,0]},"_coverageSchema":"1a1c01bbd47fc00a2c39e90264f33305004495a9","hash":"7481bd47175d4b30296e08eca9e36bcae7806f6c"}
,"/Users/yashwanth/Downloads/Project/backend/src/routes/health.js": {"path":"/Users/yashwanth/Downloads/Project/backend/src/routes/health.js","statementMap":{"0":{"start":{"line":2,"column":16},"end":{"line":2,"column":34}},"1":{"start":{"line":3,"column":15},"end":{"line":3,"column":31}},"2":{"start":{"line":4,"column":18},"end":{"line":4,"column":44}},"3":{"start":{"line":7,"column":0},"end":{"line":15,"column":3}},"4":{"start":{"line":8,"column":2},"end":{"line":14,"column":3}},"5":{"start":{"line":10,"column":4},"end":{"line":10,"column":35}},"6":{"start":{"line":11,"column":4},"end":{"line":11,"column":37}},"7":{"start":{"line":13,"column":4},"end":{"line":13,"column":72}},"8":{"start":{"line":17,"column":0},"end":{"line":17,"column":24}}},"fnMap":{"0":{"name":"(anonymous_0)","decl":{"start":{"line":7,"column":16},"end":{"line":7,"column":17}},"loc":{"start":{"line":7,"column":36},"end":{"line":15,"column":1}},"line":7}},"branchMap":{},"s":{"0":1,"1":1,"2":1,"3":1,"4":1,"5":1,"6":1,"7":0,"8":1},"f":{"0":1},"b":{},"_coverageSchema":"1a1c01bbd47fc00a2c39e90264f33305004495a9","hash":"cd3c85987dcfaf6f9bd86f16d212887d89aff5c7"}
,"/Users/yashwanth/Downloads/Project/backend/src/routes/log.js": {"path":"/Users/yashwanth/Downloads/Project/backend/src/routes/log.js","statementMap":{"0":{"start":{"line":2,"column":16},"end":{"line":2,"column":34}},"1":{"start":{"line":3,"column":15},"end":{"line":3,"column":31}},"2":{"start":{"line":4,"column":18},"end":{"line":4,"column":47}},"3":{"start":{"line":7,"column":0},"end":{"line":14,"column":3}},"4":{"start":{"line":8,"column":44},"end":{"line":8,"column":52}},"5":{"start":{"line":9,"column":2},"end":{"line":11,"column":3}},"6":{"start":{"line":10,"column":4},"end":{"line":10,"column":82}},"7":{"start":{"line":12,"column":2},"end":{"line":12,"column":88}},"8":{"start":{"line":13,"column":2},"end":{"line":13,"column":37}},"9":{"start":{"line":16,"column":0},"end":{"line":16,"column":24}}},"fnMap":{"0":{"name":"(anonymous_0)","decl":{"start":{"line":7,"column":17},"end":{"line":7,"column":18}},"loc":{"start":{"line":7,"column":31},"end":{"line":14,"column":1}},"line":7}},"branchMap":{"0":{"loc":{"start":{"line":8,"column":10},"end":{"line":8,"column":24}},"type":"default-arg","locations":[{"start":{"line":8,"column":18},"end":{"line":8,"column":24}}],"line":8},"1":{"loc":{"start":{"line":9,"column":2},"end":{"line":11,"column":3}},"type":"if","locations":[{"start":{"line":9,"column":2},"end":{"line":11,"column":3}},{"start":{},"end":{}}],"line":9},"2":{"loc":{"start":{"line":12,"column":46},"end":{"line":12,"column":84}},"type":"cond-expr","locations":[{"start":{"line":12,"column":53},"end":{"line":12,"column":79}},{"start":{"line":12,"column":82},"end":{"line":12,"column":84}}],"line":12}},"s":{"0":1,"1":1,"2":1,"3":1,"4":2,"5":2,"6":1,"7":1,"8":1,"9":1},"f":{"0":2},"b":{"0":[0],"1":[1,1],"2":[1,0]},"_coverageSchema":"1a1c01bbd47fc00a2c39e90264f33305004495a9","hash":"82bf4c3d7a851f089d34b390f517b95f44cee62a"}
,"/Users/yashwanth/Downloads/Project/backend/src/routes/user/auth.js": {"path":"/Users/yashwanth/Downloads/Project/backend/src/routes/user/auth.js","statementMap":{"0":{"start":{"line":2,"column":16},"end":{"line":2,"column":34}},"1":{"start":{"line":3,"column":15},"end":{"line":3,"column":31}},"2":{"start":{"line":4,"column":17},"end":{"line":4,"column":45}},"3":{"start":{"line":5,"column":23},"end":{"line":5,"column":66}},"4":{"start":{"line":6,"column":15},"end":{"line":6,"column":59}},"5":{"start":{"line":7,"column":17},"end":{"line":7,"column":53}},"6":{"start":{"line":11,"column":0},"end":{"line":11,"column":60}},"7":{"start":{"line":14,"column":0},"end":{"line":28,"column":2}},"8":{"start":{"line":23,"column":53},"end":{"line":23,"column":80}},"9":{"start":{"line":31,"column":0},"end":{"line":38,"column":2}},"10":{"start":{"line":40,"column":0},"end":{"line":40,"column":24}}},"fnMap":{"0":{"name":"(anonymous_0)","decl":{"start":{"line":23,"column":33},"end":{"line":23,"column":34}},"loc":{"start":{"line":23,"column":53},"end":{"line":23,"column":80}},"line":23}},"branchMap":{},"s":{"0":1,"1":1,"2":1,"3":1,"4":1,"5":1,"6":1,"7":1,"8":1,"9":1,"10":1},"f":{"0":1},"b":{},"_coverageSchema":"1a1c01bbd47fc00a2c39e90264f33305004495a9","hash":"6f0d267d81b99fe55c1715506a661daa0e065d94"}
,"/Users/yashwanth/Downloads/Project/backend/src/utils/guid.js": {"path":"/Users/yashwanth/Downloads/Project/backend/src/utils/guid.js","statementMap":{"0":{"start":{"line":1,"column":23},"end":{"line":1,"column":38}},"1":{"start":{"line":3,"column":0},"end":{"line":3,"column":24}}},"fnMap":{},"branchMap":{},"s":{"0":1,"1":1},"f":{},"b":{},"_coverageSchema":"1a1c01bbd47fc00a2c39e90264f33305004495a9","hash":"7f106733100a1ba77c8c23686c0d0ed4006c1c82"}
,"/Users/yashwanth/Downloads/Project/backend/src/utils/logToFile.js": {"path":"/Users/yashwanth/Downloads/Project/backend/src/utils/logToFile.js","statementMap":{"0":{"start":{"line":3,"column":11},"end":{"line":3,"column":24}},"1":{"start":{"line":4,"column":13},"end":{"line":4,"column":28}},"2":{"start":{"line":5,"column":17},"end":{"line":5,"column":62}},"3":{"start":{"line":8,"column":2},"end":{"line":8,"column":60}},"4":{"start":{"line":12,"column":2},"end":{"line":12,"column":17}},"5":{"start":{"line":13,"column":14},"end":{"line":13,"column":95}},"6":{"start":{"line":13,"column":29},"end":{"line":13,"column":83}},"7":{"start":{"line":14,"column":2},"end":{"line":18,"column":3}},"8":{"start":{"line":15,"column":4},"end":{"line":15,"column":74}},"9":{"start":{"line":17,"column":4},"end":{"line":17,"column":96}},"10":{"start":{"line":17,"column":57},"end":{"line":17,"column":96}},"11":{"start":{"line":21,"column":0},"end":{"line":21,"column":27}}},"fnMap":{"0":{"name":"ensureLogDir","decl":{"start":{"line":7,"column":9},"end":{"line":7,"column":21}},"loc":{"start":{"line":7,"column":24},"end":{"line":9,"column":1}},"line":7},"1":{"name":"logToFile","decl":{"start":{"line":11,"column":9},"end":{"line":11,"column":18}},"loc":{"start":{"line":11,"column":28},"end":{"line":19,"column":1}},"line":11},"2":{"name":"(anonymous_2)","decl":{"start":{"line":13,"column":23},"end":{"line":13,"column":24}},"loc":{"start":{"line":13,"column":29},"end":{"line":13,"column":83}},"line":13}},"branchMap":{"0":{"loc":{"start":{"line":13,"column":29},"end":{"line":13,"column":83}},"type":"cond-expr","locations":[{"start":{"line":13,"column":53},"end":{"line":13,"column":54}},{"start":{"line":13,"column":57},"end":{"line":13,"column":83}}],"line":13},"1":{"loc":{"start":{"line":17,"column":4},"end":{"line":17,"column":96}},"type":"if","locations":[{"start":{"line":17,"column":4},"end":{"line":17,"column":96}},{"start":{},"end":{}}],"line":17},"2":{"loc":{"start":{"line":17,"column":8},"end":{"line":17,"column":55}},"type":"binary-expr","locations":[{"start":{"line":17,"column":8},"end":{"line":17,"column":38}},{"start":{"line":17,"column":42},"end":{"line":17,"column":55}}],"line":17}},"s":{"0":1,"1":1,"2":1,"3":6,"4":6,"5":6,"6":6,"7":6,"8":6,"9":0,"10":0,"11":1},"f":{"0":6,"1":6,"2":6},"b":{"0":[6,0],"1":[0,0],"2":[0,0]},"_coverageSchema":"1a1c01bbd47fc00a2c39e90264f33305004495a9","hash":"37c283fe4ab8c18c46c177f82aca5d003948e48b"}
}
